"../../../../../../Users/Jadde/Documents/Unreal Projects/PitchSample/Content/Intro.uasset" 0
"../../../../../../Users/Jadde/Documents/Unreal Projects/PitchSample/Content/PitchSample/Blueprints/InteractionSystem/BPI_Interact.uasset" 1
"../../Plugins/2D/Paper2D/Content/PlaceholderTextures/DummySpriteTexture.uasset" 2
"../../Plugins/2D/Paper2D/Content/PlaceholderTextures/FlatNormalMap.uasset" 3
"../../../../../../Users/Jadde/Documents/Unreal Projects/PitchSample/Content/PitchSample/Mats/Master_2D_Lit.uasset" 4
"../../../../../../Users/Jadde/Documents/Unreal Projects/PitchSample/Content/PitchSample/Characters/Rosier/Textures/Normal_Walk/Walk_normal_Albedo.uasset" 5
"../../../../../../Users/Jadde/Documents/Unreal Projects/PitchSample/Content/PitchSample/Characters/Rosier/Textures/Normal_Walk/Walk_normal_Normal.uasset" 6
"../../../../../../Users/Jadde/Documents/Unreal Projects/PitchSample/Content/PitchSample/Characters/Rosier/Textures/Normal_Walk/Char_Walk.uasset" 7
"../../../../../../Users/Jadde/Documents/Unreal Projects/PitchSample/Content/PitchSample/Characters/Rosier/Textures/Normal_Walk/Albedo/Back/SS_StandardWalkSprite_MixMan_Albedo_Walk_Sprite_Albedo_54.uasset" 8
"../../../../../../Users/Jadde/Documents/Unreal Projects/PitchSample/Content/PitchSample/Characters/Rosier/Textures/Normal_Walk/Albedo/Back/SS_StandardWalkSprite_MixMan_Albedo_Walk_Sprite_Albedo_55.uasset" 9
"../../../../../../Users/Jadde/Documents/Unreal Projects/PitchSample/Content/PitchSample/Characters/Rosier/Textures/Normal_Walk/Albedo/Back/SS_StandardWalkSprite_MixMan_Albedo_Walk_Sprite_Albedo_56.uasset" 10
"../../../../../../Users/Jadde/Documents/Unreal Projects/PitchSample/Content/PitchSample/Characters/Rosier/Textures/Normal_Walk/Albedo/Back/SS_StandardWalkSprite_MixMan_Albedo_Walk_Sprite_Albedo_57.uasset" 11
"../../../../../../Users/Jadde/Documents/Unreal Projects/PitchSample/Content/PitchSample/Characters/Rosier/Textures/Normal_Walk/Albedo/Back/SS_StandardWalkSprite_MixMan_Albedo_Walk_Sprite_Albedo_58.uasset" 12
"../../../../../../Users/Jadde/Documents/Unreal Projects/PitchSample/Content/PitchSample/Characters/Rosier/Textures/Normal_Walk/Albedo/Back/SS_StandardWalkSprite_MixMan_Albedo_Walk_Sprite_Albedo_59.uasset" 13
"../../../../../../Users/Jadde/Documents/Unreal Projects/PitchSample/Content/PitchSample/Characters/Rosier/Textures/Normal_Walk/Albedo/Back/SS_StandardWalkSprite_MixMan_Albedo_Walk_Sprite_Albedo_60.uasset" 14
"../../../../../../Users/Jadde/Documents/Unreal Projects/PitchSample/Content/PitchSample/Characters/Rosier/Textures/Normal_Walk/Albedo/Back/SS_StandardWalkSprite_MixMan_Albedo_Walk_Sprite_Albedo_61.uasset" 15
"../../../../../../Users/Jadde/Documents/Unreal Projects/PitchSample/Content/PitchSample/Characters/Rosier/Textures/Normal_Walk/Albedo/Back/SS_StandardWalkSprite_MixMan_Albedo_Walk_Sprite_Albedo_62.uasset" 16
"../../../../../../Users/Jadde/Documents/Unreal Projects/PitchSample/Content/PitchSample/Characters/Rosier/Textures/Normal_Walk/Albedo/Back/SS_StandardWalkSprite_MixMan_Albedo_Walk_Sprite_Albedo_63.uasset" 17
"../../../../../../Users/Jadde/Documents/Unreal Projects/PitchSample/Content/PitchSample/Characters/Rosier/Textures/Normal_Walk/Albedo/Back/SS_StandardWalkSprite_MixMan_Albedo_Walk_Sprite_Albedo_64.uasset" 18
"../../../../../../Users/Jadde/Documents/Unreal Projects/PitchSample/Content/PitchSample/Characters/Rosier/Textures/Normal_Walk/Albedo/Back/SS_StandardWalkSprite_MixMan_Albedo_Walk_Sprite_Albedo_65.uasset" 19
"../../../../../../Users/Jadde/Documents/Unreal Projects/PitchSample/Content/PitchSample/Characters/Rosier/Textures/Normal_Walk/Albedo/Back/SS_StandardWalkSprite_MixMan_Albedo_Walk_Sprite_Albedo_66.uasset" 20
"../../../../../../Users/Jadde/Documents/Unreal Projects/PitchSample/Content/PitchSample/Characters/Rosier/Textures/Normal_Walk/Albedo/Back/SS_StandardWalkSprite_MixMan_Albedo_Walk_Sprite_Albedo_67.uasset" 21
"../../../../../../Users/Jadde/Documents/Unreal Projects/PitchSample/Content/PitchSample/Characters/Rosier/Textures/Normal_Walk/Albedo/Back/SS_StandardWalkSprite_MixMan_Albedo_Walk_Sprite_Albedo_68.uasset" 22
"../../../../../../Users/Jadde/Documents/Unreal Projects/PitchSample/Content/PitchSample/Characters/Rosier/Textures/Normal_Walk/Albedo/Back/SS_StandardWalkSprite_MixMan_Albedo_Walk_Sprite_Albedo_69.uasset" 23
"../../../../../../Users/Jadde/Documents/Unreal Projects/PitchSample/Content/PitchSample/Characters/Rosier/Textures/Normal_Walk/Albedo/Back/SS_StandardWalkSprite_MixMan_Albedo_Walk_Sprite_Albedo_70.uasset" 24
"../../../../../../Users/Jadde/Documents/Unreal Projects/PitchSample/Content/PitchSample/Characters/Rosier/Textures/Normal_Walk/Albedo/Back/SS_StandardWalkSprite_MixMan_Albedo_Walk_Sprite_Albedo_71.uasset" 25
"../../../../../../Users/Jadde/Documents/Unreal Projects/PitchSample/Content/PitchSample/Characters/Rosier/Animations/FlipBooks/Normal_Walk/Walk_Back.uasset" 26
"../../../../../../Users/Jadde/Documents/Unreal Projects/PitchSample/Content/PitchSample/Characters/Rosier/Animations/AnimSequences/BackWalk_Normal_AnimSq.uasset" 27
"../../../../../../Users/Jadde/Documents/Unreal Projects/PitchSample/Content/PitchSample/Characters/Rosier/Animations/AnimSequences/BackWalkTrans.uasset" 28
"../../../../../../Users/Jadde/Documents/Unreal Projects/PitchSample/Content/PitchSample/Characters/Rosier/Textures/Normal_Walk/Albedo/Front/SS_StandardWalkSprite_MixMan_Albedo_Walk_Sprite_Albedo_36.uasset" 29
"../../../../../../Users/Jadde/Documents/Unreal Projects/PitchSample/Content/PitchSample/Characters/Rosier/Textures/Normal_Walk/Albedo/Front/SS_StandardWalkSprite_MixMan_Albedo_Walk_Sprite_Albedo_37.uasset" 30
"../../../../../../Users/Jadde/Documents/Unreal Projects/PitchSample/Content/PitchSample/Characters/Rosier/Textures/Normal_Walk/Albedo/Front/SS_StandardWalkSprite_MixMan_Albedo_Walk_Sprite_Albedo_38.uasset" 31
"../../../../../../Users/Jadde/Documents/Unreal Projects/PitchSample/Content/PitchSample/Characters/Rosier/Textures/Normal_Walk/Albedo/Front/SS_StandardWalkSprite_MixMan_Albedo_Walk_Sprite_Albedo_39.uasset" 32
"../../../../../../Users/Jadde/Documents/Unreal Projects/PitchSample/Content/PitchSample/Characters/Rosier/Textures/Normal_Walk/Albedo/Front/SS_StandardWalkSprite_MixMan_Albedo_Walk_Sprite_Albedo_40.uasset" 33
"../../../../../../Users/Jadde/Documents/Unreal Projects/PitchSample/Content/PitchSample/Characters/Rosier/Textures/Normal_Walk/Albedo/Front/SS_StandardWalkSprite_MixMan_Albedo_Walk_Sprite_Albedo_41.uasset" 34
"../../../../../../Users/Jadde/Documents/Unreal Projects/PitchSample/Content/PitchSample/Characters/Rosier/Textures/Normal_Walk/Albedo/Front/SS_StandardWalkSprite_MixMan_Albedo_Walk_Sprite_Albedo_42.uasset" 35
"../../../../../../Users/Jadde/Documents/Unreal Projects/PitchSample/Content/PitchSample/Characters/Rosier/Textures/Normal_Walk/Albedo/Front/SS_StandardWalkSprite_MixMan_Albedo_Walk_Sprite_Albedo_43.uasset" 36
"../../../../../../Users/Jadde/Documents/Unreal Projects/PitchSample/Content/PitchSample/Characters/Rosier/Textures/Normal_Walk/Albedo/Front/SS_StandardWalkSprite_MixMan_Albedo_Walk_Sprite_Albedo_44.uasset" 37
"../../../../../../Users/Jadde/Documents/Unreal Projects/PitchSample/Content/PitchSample/Characters/Rosier/Textures/Normal_Walk/Albedo/Front/SS_StandardWalkSprite_MixMan_Albedo_Walk_Sprite_Albedo_45.uasset" 38
"../../../../../../Users/Jadde/Documents/Unreal Projects/PitchSample/Content/PitchSample/Characters/Rosier/Textures/Normal_Walk/Albedo/Front/SS_StandardWalkSprite_MixMan_Albedo_Walk_Sprite_Albedo_46.uasset" 39
"../../../../../../Users/Jadde/Documents/Unreal Projects/PitchSample/Content/PitchSample/Characters/Rosier/Textures/Normal_Walk/Albedo/Front/SS_StandardWalkSprite_MixMan_Albedo_Walk_Sprite_Albedo_47.uasset" 40
"../../../../../../Users/Jadde/Documents/Unreal Projects/PitchSample/Content/PitchSample/Characters/Rosier/Textures/Normal_Walk/Albedo/Front/SS_StandardWalkSprite_MixMan_Albedo_Walk_Sprite_Albedo_48.uasset" 41
"../../../../../../Users/Jadde/Documents/Unreal Projects/PitchSample/Content/PitchSample/Characters/Rosier/Textures/Normal_Walk/Albedo/Front/SS_StandardWalkSprite_MixMan_Albedo_Walk_Sprite_Albedo_49.uasset" 42
"../../../../../../Users/Jadde/Documents/Unreal Projects/PitchSample/Content/PitchSample/Characters/Rosier/Textures/Normal_Walk/Albedo/Front/SS_StandardWalkSprite_MixMan_Albedo_Walk_Sprite_Albedo_50.uasset" 43
"../../../../../../Users/Jadde/Documents/Unreal Projects/PitchSample/Content/PitchSample/Characters/Rosier/Textures/Normal_Walk/Albedo/Front/SS_StandardWalkSprite_MixMan_Albedo_Walk_Sprite_Albedo_51.uasset" 44
"../../../../../../Users/Jadde/Documents/Unreal Projects/PitchSample/Content/PitchSample/Characters/Rosier/Textures/Normal_Walk/Albedo/Front/SS_StandardWalkSprite_MixMan_Albedo_Walk_Sprite_Albedo_52.uasset" 45
"../../../../../../Users/Jadde/Documents/Unreal Projects/PitchSample/Content/PitchSample/Characters/Rosier/Textures/Normal_Walk/Albedo/Front/SS_StandardWalkSprite_MixMan_Albedo_Walk_Sprite_Albedo_53.uasset" 46
"../../../../../../Users/Jadde/Documents/Unreal Projects/PitchSample/Content/PitchSample/Characters/Rosier/Animations/FlipBooks/Normal_Walk/Walk_Front.uasset" 47
"../../../../../../Users/Jadde/Documents/Unreal Projects/PitchSample/Content/PitchSample/Characters/Rosier/Animations/AnimSequences/FrontWalk_Normal_AnimSq.uasset" 48
"../../../../../../Users/Jadde/Documents/Unreal Projects/PitchSample/Content/PitchSample/Characters/Rosier/Animations/FlipBooks/Idle/Idle_Front.uasset" 49
"../../../../../../Users/Jadde/Documents/Unreal Projects/PitchSample/Content/PitchSample/Characters/Rosier/Animations/AnimSequences/idle.uasset" 50
"../../../../../../Users/Jadde/Documents/Unreal Projects/PitchSample/Content/PitchSample/Characters/Rosier/Textures/Normal_Walk/Albedo/Left/SS_StandardWalkSprite_MixMan_Albedo_Walk_Sprite_Albedo_18.uasset" 51
"../../../../../../Users/Jadde/Documents/Unreal Projects/PitchSample/Content/PitchSample/Characters/Rosier/Textures/Normal_Walk/Albedo/Left/SS_StandardWalkSprite_MixMan_Albedo_Walk_Sprite_Albedo_19.uasset" 52
"../../../../../../Users/Jadde/Documents/Unreal Projects/PitchSample/Content/PitchSample/Characters/Rosier/Textures/Normal_Walk/Albedo/Left/SS_StandardWalkSprite_MixMan_Albedo_Walk_Sprite_Albedo_20.uasset" 53
"../../../../../../Users/Jadde/Documents/Unreal Projects/PitchSample/Content/PitchSample/Characters/Rosier/Textures/Normal_Walk/Albedo/Left/SS_StandardWalkSprite_MixMan_Albedo_Walk_Sprite_Albedo_21.uasset" 54
"../../../../../../Users/Jadde/Documents/Unreal Projects/PitchSample/Content/PitchSample/Characters/Rosier/Textures/Normal_Walk/Albedo/Left/SS_StandardWalkSprite_MixMan_Albedo_Walk_Sprite_Albedo_22.uasset" 55
"../../../../../../Users/Jadde/Documents/Unreal Projects/PitchSample/Content/PitchSample/Characters/Rosier/Textures/Normal_Walk/Albedo/Left/SS_StandardWalkSprite_MixMan_Albedo_Walk_Sprite_Albedo_23.uasset" 56
"../../../../../../Users/Jadde/Documents/Unreal Projects/PitchSample/Content/PitchSample/Characters/Rosier/Textures/Normal_Walk/Albedo/Left/SS_StandardWalkSprite_MixMan_Albedo_Walk_Sprite_Albedo_24.uasset" 57
"../../../../../../Users/Jadde/Documents/Unreal Projects/PitchSample/Content/PitchSample/Characters/Rosier/Textures/Normal_Walk/Albedo/Left/SS_StandardWalkSprite_MixMan_Albedo_Walk_Sprite_Albedo_25.uasset" 58
"../../../../../../Users/Jadde/Documents/Unreal Projects/PitchSample/Content/PitchSample/Characters/Rosier/Textures/Normal_Walk/Albedo/Left/SS_StandardWalkSprite_MixMan_Albedo_Walk_Sprite_Albedo_26.uasset" 59
"../../../../../../Users/Jadde/Documents/Unreal Projects/PitchSample/Content/PitchSample/Characters/Rosier/Textures/Normal_Walk/Albedo/Left/SS_StandardWalkSprite_MixMan_Albedo_Walk_Sprite_Albedo_27.uasset" 60
"../../../../../../Users/Jadde/Documents/Unreal Projects/PitchSample/Content/PitchSample/Characters/Rosier/Textures/Normal_Walk/Albedo/Left/SS_StandardWalkSprite_MixMan_Albedo_Walk_Sprite_Albedo_28.uasset" 61
"../../../../../../Users/Jadde/Documents/Unreal Projects/PitchSample/Content/PitchSample/Characters/Rosier/Textures/Normal_Walk/Albedo/Left/SS_StandardWalkSprite_MixMan_Albedo_Walk_Sprite_Albedo_29.uasset" 62
"../../../../../../Users/Jadde/Documents/Unreal Projects/PitchSample/Content/PitchSample/Characters/Rosier/Textures/Normal_Walk/Albedo/Left/SS_StandardWalkSprite_MixMan_Albedo_Walk_Sprite_Albedo_30.uasset" 63
"../../../../../../Users/Jadde/Documents/Unreal Projects/PitchSample/Content/PitchSample/Characters/Rosier/Textures/Normal_Walk/Albedo/Left/SS_StandardWalkSprite_MixMan_Albedo_Walk_Sprite_Albedo_31.uasset" 64
"../../../../../../Users/Jadde/Documents/Unreal Projects/PitchSample/Content/PitchSample/Characters/Rosier/Textures/Normal_Walk/Albedo/Left/SS_StandardWalkSprite_MixMan_Albedo_Walk_Sprite_Albedo_32.uasset" 65
"../../../../../../Users/Jadde/Documents/Unreal Projects/PitchSample/Content/PitchSample/Characters/Rosier/Textures/Normal_Walk/Albedo/Left/SS_StandardWalkSprite_MixMan_Albedo_Walk_Sprite_Albedo_33.uasset" 66
"../../../../../../Users/Jadde/Documents/Unreal Projects/PitchSample/Content/PitchSample/Characters/Rosier/Textures/Normal_Walk/Albedo/Left/SS_StandardWalkSprite_MixMan_Albedo_Walk_Sprite_Albedo_34.uasset" 67
"../../../../../../Users/Jadde/Documents/Unreal Projects/PitchSample/Content/PitchSample/Characters/Rosier/Textures/Normal_Walk/Albedo/Left/SS_StandardWalkSprite_MixMan_Albedo_Walk_Sprite_Albedo_35.uasset" 68
"../../../../../../Users/Jadde/Documents/Unreal Projects/PitchSample/Content/PitchSample/Characters/Rosier/Animations/FlipBooks/Normal_Walk/Walk_Left.uasset" 69
"../../../../../../Users/Jadde/Documents/Unreal Projects/PitchSample/Content/PitchSample/Characters/Rosier/Animations/AnimSequences/LeftWalk_Normal_AnimSq.uasset" 70
"../../../../../../Users/Jadde/Documents/Unreal Projects/PitchSample/Content/PitchSample/Characters/Rosier/Textures/Normal_Walk/Albedo/Right/SS_StandardWalkSprite_MixMan_Albedo_Walk_Sprite_Albedo_0.uasset" 71
"../../../../../../Users/Jadde/Documents/Unreal Projects/PitchSample/Content/PitchSample/Characters/Rosier/Textures/Normal_Walk/Albedo/Right/SS_StandardWalkSprite_MixMan_Albedo_Walk_Sprite_Albedo_1.uasset" 72
"../../../../../../Users/Jadde/Documents/Unreal Projects/PitchSample/Content/PitchSample/Characters/Rosier/Textures/Normal_Walk/Albedo/Right/SS_StandardWalkSprite_MixMan_Albedo_Walk_Sprite_Albedo_10.uasset" 73
"../../../../../../Users/Jadde/Documents/Unreal Projects/PitchSample/Content/PitchSample/Characters/Rosier/Textures/Normal_Walk/Albedo/Right/SS_StandardWalkSprite_MixMan_Albedo_Walk_Sprite_Albedo_11.uasset" 74
"../../../../../../Users/Jadde/Documents/Unreal Projects/PitchSample/Content/PitchSample/Characters/Rosier/Textures/Normal_Walk/Albedo/Right/SS_StandardWalkSprite_MixMan_Albedo_Walk_Sprite_Albedo_12.uasset" 75
"../../../../../../Users/Jadde/Documents/Unreal Projects/PitchSample/Content/PitchSample/Characters/Rosier/Textures/Normal_Walk/Albedo/Right/SS_StandardWalkSprite_MixMan_Albedo_Walk_Sprite_Albedo_13.uasset" 76
"../../../../../../Users/Jadde/Documents/Unreal Projects/PitchSample/Content/PitchSample/Characters/Rosier/Textures/Normal_Walk/Albedo/Right/SS_StandardWalkSprite_MixMan_Albedo_Walk_Sprite_Albedo_14.uasset" 77
"../../../../../../Users/Jadde/Documents/Unreal Projects/PitchSample/Content/PitchSample/Characters/Rosier/Textures/Normal_Walk/Albedo/Right/SS_StandardWalkSprite_MixMan_Albedo_Walk_Sprite_Albedo_15.uasset" 78
"../../../../../../Users/Jadde/Documents/Unreal Projects/PitchSample/Content/PitchSample/Characters/Rosier/Textures/Normal_Walk/Albedo/Right/SS_StandardWalkSprite_MixMan_Albedo_Walk_Sprite_Albedo_16.uasset" 79
"../../../../../../Users/Jadde/Documents/Unreal Projects/PitchSample/Content/PitchSample/Characters/Rosier/Textures/Normal_Walk/Albedo/Right/SS_StandardWalkSprite_MixMan_Albedo_Walk_Sprite_Albedo_17.uasset" 80
"../../../../../../Users/Jadde/Documents/Unreal Projects/PitchSample/Content/PitchSample/Characters/Rosier/Textures/Normal_Walk/Albedo/Right/SS_StandardWalkSprite_MixMan_Albedo_Walk_Sprite_Albedo_2.uasset" 81
"../../../../../../Users/Jadde/Documents/Unreal Projects/PitchSample/Content/PitchSample/Characters/Rosier/Textures/Normal_Walk/Albedo/Right/SS_StandardWalkSprite_MixMan_Albedo_Walk_Sprite_Albedo_3.uasset" 82
"../../../../../../Users/Jadde/Documents/Unreal Projects/PitchSample/Content/PitchSample/Characters/Rosier/Textures/Normal_Walk/Albedo/Right/SS_StandardWalkSprite_MixMan_Albedo_Walk_Sprite_Albedo_4.uasset" 83
"../../../../../../Users/Jadde/Documents/Unreal Projects/PitchSample/Content/PitchSample/Characters/Rosier/Textures/Normal_Walk/Albedo/Right/SS_StandardWalkSprite_MixMan_Albedo_Walk_Sprite_Albedo_5.uasset" 84
"../../../../../../Users/Jadde/Documents/Unreal Projects/PitchSample/Content/PitchSample/Characters/Rosier/Textures/Normal_Walk/Albedo/Right/SS_StandardWalkSprite_MixMan_Albedo_Walk_Sprite_Albedo_6.uasset" 85
"../../../../../../Users/Jadde/Documents/Unreal Projects/PitchSample/Content/PitchSample/Characters/Rosier/Textures/Normal_Walk/Albedo/Right/SS_StandardWalkSprite_MixMan_Albedo_Walk_Sprite_Albedo_7.uasset" 86
"../../../../../../Users/Jadde/Documents/Unreal Projects/PitchSample/Content/PitchSample/Characters/Rosier/Textures/Normal_Walk/Albedo/Right/SS_StandardWalkSprite_MixMan_Albedo_Walk_Sprite_Albedo_8.uasset" 87
"../../../../../../Users/Jadde/Documents/Unreal Projects/PitchSample/Content/PitchSample/Characters/Rosier/Textures/Normal_Walk/Albedo/Right/SS_StandardWalkSprite_MixMan_Albedo_Walk_Sprite_Albedo_9.uasset" 88
"../../../../../../Users/Jadde/Documents/Unreal Projects/PitchSample/Content/PitchSample/Characters/Rosier/Animations/FlipBooks/Normal_Walk/Walk_Right.uasset" 89
"../../../../../../Users/Jadde/Documents/Unreal Projects/PitchSample/Content/PitchSample/Characters/Rosier/Animations/AnimSequences/RightWalk_Normal_AnimSq.uasset" 90
"../../../../../../Users/Jadde/Documents/Unreal Projects/PitchSample/Content/PitchSample/Characters/Rosier/Rosier_AnimBP.uasset" 91
"../../../../../../Users/Jadde/Documents/Unreal Projects/PitchSample/Content/PitchSample/Textures/DlgSprites/Chars/Rosier/Rosier.uasset" 92
"../../../Engine/Content/Functions/Engine_MaterialFunctions01/Gradient/LinearGradient.uasset" 93
"../../../../../../Users/Jadde/Documents/Unreal Projects/PitchSample/Content/PitchSample/UI/Materials/LinearGradient.uasset" 94
"../../../../../../Users/Jadde/Documents/Unreal Projects/PitchSample/Content/PitchSample/Textures/DlgSprites/Chars/Bartender/Bartender.uasset" 95
"../../../Engine/Content/Functions/Engine_MaterialFunctions02/Utility/VectorLength.uasset" 96
"../../../Engine/Content/Functions/Engine_MaterialFunctions01/Gradient/GeneratedRoundRect.uasset" 97
"../../../../../../Users/Jadde/Documents/Unreal Projects/PitchSample/Content/PitchSample/UI/Materials/RoundedEdges.uasset" 98
"../../../../../../Users/Jadde/Documents/Unreal Projects/PitchSample/Content/PitchSample/UI/Materials/RoundedEdges_Inst.uasset" 99
"../../../../../../Users/Jadde/Documents/Unreal Projects/PitchSample/Content/PitchSample/UI/Test/UI_interactibleButton1.uasset" 100
"../../../../../../Users/Jadde/Documents/Unreal Projects/PitchSample/Content/PitchSample/UI/Test/HUD.uasset" 101
"../../../../../../Users/Jadde/Documents/Unreal Projects/PitchSample/Content/PitchSample/UI/UI_InteractOption.uasset" 102
"../../../../../../Users/Jadde/Documents/Unreal Projects/PitchSample/Content/PitchSample/Characters/Rosier/Rosier.uasset" 103
"../../../../../../Users/Jadde/Documents/Unreal Projects/PitchSample/Content/PitchSample/Blueprints/NewRoanoke_GM.uasset" 104
"../../../../../../Users/Jadde/Documents/Unreal Projects/PitchSample/Content/PitchSample/Blueprints/AI/Talking_NPC_Base.uasset" 105
"../../../../../../Users/Jadde/Documents/Unreal Projects/PitchSample/Content/PitchSample/Blueprints/AI/AI_Tasks/FindRandomLocation.uasset" 106
"../../../../../../Users/Jadde/Documents/Unreal Projects/PitchSample/Content/PitchSample/Blueprints/AI/AI_Tasks/FindWaypointLocation.uasset" 107
"../../../Engine/Content/BasicShapes/BasicShapeMaterial.uasset" 108
"../../../Engine/Content/Functions/Engine_MaterialFunctions01/Opacity/CameraDepthFade.uasset" 109
"../../../Engine/Content/EngineMaterials/T_Default_Material_Grid_M.uasset" 110
"../../../Engine/Content/EngineMaterials/T_Default_Material_Grid_N.uasset" 111
"../../../Engine/Content/EngineMaterials/WorldGridMaterial.uasset" 112
"../../../Engine/Content/BasicShapes/Cube.uasset" 113
"../../../../../../Users/Jadde/Documents/Unreal Projects/PitchSample/Content/PitchSample/Blueprints/InteractionSystem/Pawn_Interactible_Master.uasset" 114
"../../../../../../Users/Jadde/Documents/Unreal Projects/PitchSample/Content/PitchSample/Blueprints/InteractionSystem/Materials/Outline_PP.uasset" 115
"../../../../../../Users/Jadde/Documents/Unreal Projects/PitchSample/Content/PitchSample/Blueprints/InteractionSystem/Materials/Outline_PP_Inst.uasset" 116
"../../../../../../Users/Jadde/Documents/Unreal Projects/PitchSample/Content/PitchSample/Blueprints/InteractionSystem/Actor_Interactible_Master.uasset" 117
"../../../../../../Users/Jadde/Documents/Unreal Projects/PitchSample/Content/PitchSample/Blueprints/InteractionSystem/Materials/Pixalize_PP.uasset" 118
"../../../../../../Users/Jadde/Documents/Unreal Projects/PitchSample/Content/PitchSample/Blueprints/InteractionSystem/Objects/Pickable_master.uasset" 119
"../../../../../../Users/Jadde/Documents/Unreal Projects/PitchSample/Content/PitchSample/Mesh/Pickables/Lock/LockToEngine_lambert1_BaseColor.uasset" 120
"../../../../../../Users/Jadde/Documents/Unreal Projects/PitchSample/Content/PitchSample/Mesh/Pickables/Lock/LockToEngine_lambert1_Normal.uasset" 121
"../../../../../../Users/Jadde/Documents/Unreal Projects/PitchSample/Content/PitchSample/Mesh/Pickables/Lock/LockToEngine_lambert1_OcclusionRoughnessMetallic.uasset" 122
"../../../../../../Users/Jadde/Documents/Unreal Projects/PitchSample/Content/PitchSample/Mesh/Pickables/Lock/LockMat.uasset" 123
"../../../../../../Users/Jadde/Documents/Unreal Projects/PitchSample/Content/PitchSample/Mesh/Pickables/Lock/LockToEngine_LockBase.uasset" 124
"../../../../../../Users/Jadde/Documents/Unreal Projects/PitchSample/Content/PitchSample/Mesh/Pickables/Lock/LockToEngine_lockkey.uasset" 125
"../../../../../../Users/Jadde/Documents/Unreal Projects/PitchSample/Content/PitchSample/Mesh/Pickables/Lock/LockToEngine_locktop.uasset" 126
"../../../../../../Users/Jadde/Documents/Unreal Projects/PitchSample/Content/PitchSample/Mesh/Pickables/Lock/LockToEngine_Pin1.uasset" 127
"../../../../../../Users/Jadde/Documents/Unreal Projects/PitchSample/Content/PitchSample/Mesh/Pickables/Lock/LockToEngine_Pin2.uasset" 128
"../../../../../../Users/Jadde/Documents/Unreal Projects/PitchSample/Content/PitchSample/Mesh/Pickables/Lock/LockToEngine_Pin3.uasset" 129
"../../../../../../Users/Jadde/Documents/Unreal Projects/PitchSample/Content/PitchSample/Mesh/Pickables/Lock/LockToEngine_Pin4.uasset" 130
"../../../../../../Users/Jadde/Documents/Unreal Projects/PitchSample/Content/PitchSample/Blueprints/LockpickingSystem/Lock.uasset" 131
"../../../../../../Users/Jadde/Documents/Unreal Projects/PitchSample/Content/PitchSample/Blueprints/LockpickingSystem/old/LockpickDifficulty.uasset" 132
"../../../../../../Users/Jadde/Documents/Unreal Projects/PitchSample/Content/PitchSample/Blueprints/LockpickingSystem/old/BPI_Lockpicking.uasset" 133
"../../../../../../Users/Jadde/Documents/Unreal Projects/PitchSample/Content/PitchSample/Blueprints/LockpickingSystem/old/BP_Door.uasset" 134
"../../../../../../Users/Jadde/Documents/Unreal Projects/PitchSample/Content/PitchSample/Characters/Rosier/Animations/AnimSequences/FrontIdle_Normal_AnimSq.uasset" 135
"../../../../../../Users/Jadde/Documents/Unreal Projects/PitchSample/Content/PitchSample/Characters/Rosier/Textures/Normal_Walk/Albedo/Turn-FowardBack/SS_StandardWalkSprite_MixMan_Albedo_Walk_Sprite_Albedo_55.uasset" 136
"../../../../../../Users/Jadde/Documents/Unreal Projects/PitchSample/Content/PitchSample/Characters/Rosier/Animations/FlipBooks/Forward_To_back_Turn.uasset" 137
"../../../../../../Users/Jadde/Documents/Unreal Projects/PitchSample/Content/PitchSample/Characters/Rosier/Textures/Normal_Walk/Albedo/Turn-FowardBack/Forward_To_back_Turn.uasset" 138
"../../../../../../Users/Jadde/Documents/Unreal Projects/PitchSample/Content/PitchSample/Characters/Rosier/Textures/Normal_Walk/Albedo/Turn-FowardBack/SS_StandardWalkSprite_MixMan_Albedo_Walk_Sprite_Albedo_17.uasset" 139
"../../../../../../Users/Jadde/Documents/Unreal Projects/PitchSample/Content/PitchSample/Characters/Rosier/Textures/Normal_Walk/Albedo/Turn-FowardBack/SS_StandardWalkSprite_MixMan_Albedo_Walk_Sprite_Albedo_53.uasset" 140
"../../../../../../Users/Jadde/Documents/Unreal Projects/PitchSample/Content/PitchSample/Characters/Rosier/Textures/Normal_Walk/Normal/Back/SS_StandardWalkSprite_MixMan_Normal_Sprite_54.uasset" 141
"../../../../../../Users/Jadde/Documents/Unreal Projects/PitchSample/Content/PitchSample/Characters/Rosier/Textures/Normal_Walk/Normal/Back/SS_StandardWalkSprite_MixMan_Normal_Sprite_55.uasset" 142
"../../../../../../Users/Jadde/Documents/Unreal Projects/PitchSample/Content/PitchSample/Characters/Rosier/Textures/Normal_Walk/Normal/Back/SS_StandardWalkSprite_MixMan_Normal_Sprite_56.uasset" 143
"../../../../../../Users/Jadde/Documents/Unreal Projects/PitchSample/Content/PitchSample/Characters/Rosier/Textures/Normal_Walk/Normal/Back/SS_StandardWalkSprite_MixMan_Normal_Sprite_57.uasset" 144
"../../../../../../Users/Jadde/Documents/Unreal Projects/PitchSample/Content/PitchSample/Characters/Rosier/Textures/Normal_Walk/Normal/Back/SS_StandardWalkSprite_MixMan_Normal_Sprite_58.uasset" 145
"../../../../../../Users/Jadde/Documents/Unreal Projects/PitchSample/Content/PitchSample/Characters/Rosier/Textures/Normal_Walk/Normal/Back/SS_StandardWalkSprite_MixMan_Normal_Sprite_59.uasset" 146
"../../../../../../Users/Jadde/Documents/Unreal Projects/PitchSample/Content/PitchSample/Characters/Rosier/Textures/Normal_Walk/Normal/Back/SS_StandardWalkSprite_MixMan_Normal_Sprite_60.uasset" 147
"../../../../../../Users/Jadde/Documents/Unreal Projects/PitchSample/Content/PitchSample/Characters/Rosier/Textures/Normal_Walk/Normal/Back/SS_StandardWalkSprite_MixMan_Normal_Sprite_61.uasset" 148
"../../../../../../Users/Jadde/Documents/Unreal Projects/PitchSample/Content/PitchSample/Characters/Rosier/Textures/Normal_Walk/Normal/Back/SS_StandardWalkSprite_MixMan_Normal_Sprite_62.uasset" 149
"../../../../../../Users/Jadde/Documents/Unreal Projects/PitchSample/Content/PitchSample/Characters/Rosier/Textures/Normal_Walk/Normal/Back/SS_StandardWalkSprite_MixMan_Normal_Sprite_63.uasset" 150
"../../../../../../Users/Jadde/Documents/Unreal Projects/PitchSample/Content/PitchSample/Characters/Rosier/Textures/Normal_Walk/Normal/Back/SS_StandardWalkSprite_MixMan_Normal_Sprite_64.uasset" 151
"../../../../../../Users/Jadde/Documents/Unreal Projects/PitchSample/Content/PitchSample/Characters/Rosier/Textures/Normal_Walk/Normal/Back/SS_StandardWalkSprite_MixMan_Normal_Sprite_65.uasset" 152
"../../../../../../Users/Jadde/Documents/Unreal Projects/PitchSample/Content/PitchSample/Characters/Rosier/Textures/Normal_Walk/Normal/Back/SS_StandardWalkSprite_MixMan_Normal_Sprite_66.uasset" 153
"../../../../../../Users/Jadde/Documents/Unreal Projects/PitchSample/Content/PitchSample/Characters/Rosier/Textures/Normal_Walk/Normal/Back/SS_StandardWalkSprite_MixMan_Normal_Sprite_67.uasset" 154
"../../../../../../Users/Jadde/Documents/Unreal Projects/PitchSample/Content/PitchSample/Characters/Rosier/Textures/Normal_Walk/Normal/Back/SS_StandardWalkSprite_MixMan_Normal_Sprite_68.uasset" 155
"../../../../../../Users/Jadde/Documents/Unreal Projects/PitchSample/Content/PitchSample/Characters/Rosier/Textures/Normal_Walk/Normal/Back/SS_StandardWalkSprite_MixMan_Normal_Sprite_69.uasset" 156
"../../../../../../Users/Jadde/Documents/Unreal Projects/PitchSample/Content/PitchSample/Characters/Rosier/Textures/Normal_Walk/Normal/Back/SS_StandardWalkSprite_MixMan_Normal_Sprite_70.uasset" 157
"../../../../../../Users/Jadde/Documents/Unreal Projects/PitchSample/Content/PitchSample/Characters/Rosier/Textures/Normal_Walk/Normal/Back/SS_StandardWalkSprite_MixMan_Normal_Sprite_71.uasset" 158
"../../../../../../Users/Jadde/Documents/Unreal Projects/PitchSample/Content/PitchSample/Characters/Rosier/Textures/Normal_Walk/Normal/Front/SS_StandardWalkSprite_MixMan_Normal_Sprite_36.uasset" 159
"../../../../../../Users/Jadde/Documents/Unreal Projects/PitchSample/Content/PitchSample/Characters/Rosier/Textures/Normal_Walk/Normal/Front/SS_StandardWalkSprite_MixMan_Normal_Sprite_37.uasset" 160
"../../../../../../Users/Jadde/Documents/Unreal Projects/PitchSample/Content/PitchSample/Characters/Rosier/Textures/Normal_Walk/Normal/Front/SS_StandardWalkSprite_MixMan_Normal_Sprite_38.uasset" 161
"../../../../../../Users/Jadde/Documents/Unreal Projects/PitchSample/Content/PitchSample/Characters/Rosier/Textures/Normal_Walk/Normal/Front/SS_StandardWalkSprite_MixMan_Normal_Sprite_39.uasset" 162
"../../../../../../Users/Jadde/Documents/Unreal Projects/PitchSample/Content/PitchSample/Characters/Rosier/Textures/Normal_Walk/Normal/Front/SS_StandardWalkSprite_MixMan_Normal_Sprite_40.uasset" 163
"../../../../../../Users/Jadde/Documents/Unreal Projects/PitchSample/Content/PitchSample/Characters/Rosier/Textures/Normal_Walk/Normal/Front/SS_StandardWalkSprite_MixMan_Normal_Sprite_41.uasset" 164
"../../../../../../Users/Jadde/Documents/Unreal Projects/PitchSample/Content/PitchSample/Characters/Rosier/Textures/Normal_Walk/Normal/Front/SS_StandardWalkSprite_MixMan_Normal_Sprite_42.uasset" 165
"../../../../../../Users/Jadde/Documents/Unreal Projects/PitchSample/Content/PitchSample/Characters/Rosier/Textures/Normal_Walk/Normal/Front/SS_StandardWalkSprite_MixMan_Normal_Sprite_43.uasset" 166
"../../../../../../Users/Jadde/Documents/Unreal Projects/PitchSample/Content/PitchSample/Characters/Rosier/Textures/Normal_Walk/Normal/Front/SS_StandardWalkSprite_MixMan_Normal_Sprite_44.uasset" 167
"../../../../../../Users/Jadde/Documents/Unreal Projects/PitchSample/Content/PitchSample/Characters/Rosier/Textures/Normal_Walk/Normal/Front/SS_StandardWalkSprite_MixMan_Normal_Sprite_45.uasset" 168
"../../../../../../Users/Jadde/Documents/Unreal Projects/PitchSample/Content/PitchSample/Characters/Rosier/Textures/Normal_Walk/Normal/Front/SS_StandardWalkSprite_MixMan_Normal_Sprite_46.uasset" 169
"../../../../../../Users/Jadde/Documents/Unreal Projects/PitchSample/Content/PitchSample/Characters/Rosier/Textures/Normal_Walk/Normal/Front/SS_StandardWalkSprite_MixMan_Normal_Sprite_47.uasset" 170
"../../../../../../Users/Jadde/Documents/Unreal Projects/PitchSample/Content/PitchSample/Characters/Rosier/Textures/Normal_Walk/Normal/Front/SS_StandardWalkSprite_MixMan_Normal_Sprite_48.uasset" 171
"../../../../../../Users/Jadde/Documents/Unreal Projects/PitchSample/Content/PitchSample/Characters/Rosier/Textures/Normal_Walk/Normal/Front/SS_StandardWalkSprite_MixMan_Normal_Sprite_49.uasset" 172
"../../../../../../Users/Jadde/Documents/Unreal Projects/PitchSample/Content/PitchSample/Characters/Rosier/Textures/Normal_Walk/Normal/Front/SS_StandardWalkSprite_MixMan_Normal_Sprite_50.uasset" 173
"../../../../../../Users/Jadde/Documents/Unreal Projects/PitchSample/Content/PitchSample/Characters/Rosier/Textures/Normal_Walk/Normal/Front/SS_StandardWalkSprite_MixMan_Normal_Sprite_51.uasset" 174
"../../../../../../Users/Jadde/Documents/Unreal Projects/PitchSample/Content/PitchSample/Characters/Rosier/Textures/Normal_Walk/Normal/Front/SS_StandardWalkSprite_MixMan_Normal_Sprite_52.uasset" 175
"../../../../../../Users/Jadde/Documents/Unreal Projects/PitchSample/Content/PitchSample/Characters/Rosier/Textures/Normal_Walk/Normal/Front/SS_StandardWalkSprite_MixMan_Normal_Sprite_53.uasset" 176
"../../../../../../Users/Jadde/Documents/Unreal Projects/PitchSample/Content/PitchSample/Characters/Rosier/Textures/Normal_Walk/Normal/Left/SS_StandardWalkSprite_MixMan_Normal_Sprite_18.uasset" 177
"../../../../../../Users/Jadde/Documents/Unreal Projects/PitchSample/Content/PitchSample/Characters/Rosier/Textures/Normal_Walk/Normal/Left/SS_StandardWalkSprite_MixMan_Normal_Sprite_19.uasset" 178
"../../../../../../Users/Jadde/Documents/Unreal Projects/PitchSample/Content/PitchSample/Characters/Rosier/Textures/Normal_Walk/Normal/Left/SS_StandardWalkSprite_MixMan_Normal_Sprite_20.uasset" 179
"../../../../../../Users/Jadde/Documents/Unreal Projects/PitchSample/Content/PitchSample/Characters/Rosier/Textures/Normal_Walk/Normal/Left/SS_StandardWalkSprite_MixMan_Normal_Sprite_21.uasset" 180
"../../../../../../Users/Jadde/Documents/Unreal Projects/PitchSample/Content/PitchSample/Characters/Rosier/Textures/Normal_Walk/Normal/Left/SS_StandardWalkSprite_MixMan_Normal_Sprite_22.uasset" 181
"../../../../../../Users/Jadde/Documents/Unreal Projects/PitchSample/Content/PitchSample/Characters/Rosier/Textures/Normal_Walk/Normal/Left/SS_StandardWalkSprite_MixMan_Normal_Sprite_23.uasset" 182
"../../../../../../Users/Jadde/Documents/Unreal Projects/PitchSample/Content/PitchSample/Characters/Rosier/Textures/Normal_Walk/Normal/Left/SS_StandardWalkSprite_MixMan_Normal_Sprite_24.uasset" 183
"../../../../../../Users/Jadde/Documents/Unreal Projects/PitchSample/Content/PitchSample/Characters/Rosier/Textures/Normal_Walk/Normal/Left/SS_StandardWalkSprite_MixMan_Normal_Sprite_25.uasset" 184
"../../../../../../Users/Jadde/Documents/Unreal Projects/PitchSample/Content/PitchSample/Characters/Rosier/Textures/Normal_Walk/Normal/Left/SS_StandardWalkSprite_MixMan_Normal_Sprite_26.uasset" 185
"../../../../../../Users/Jadde/Documents/Unreal Projects/PitchSample/Content/PitchSample/Characters/Rosier/Textures/Normal_Walk/Normal/Left/SS_StandardWalkSprite_MixMan_Normal_Sprite_27.uasset" 186
"../../../../../../Users/Jadde/Documents/Unreal Projects/PitchSample/Content/PitchSample/Characters/Rosier/Textures/Normal_Walk/Normal/Left/SS_StandardWalkSprite_MixMan_Normal_Sprite_28.uasset" 187
"../../../../../../Users/Jadde/Documents/Unreal Projects/PitchSample/Content/PitchSample/Characters/Rosier/Textures/Normal_Walk/Normal/Left/SS_StandardWalkSprite_MixMan_Normal_Sprite_29.uasset" 188
"../../../../../../Users/Jadde/Documents/Unreal Projects/PitchSample/Content/PitchSample/Characters/Rosier/Textures/Normal_Walk/Normal/Left/SS_StandardWalkSprite_MixMan_Normal_Sprite_30.uasset" 189
"../../../../../../Users/Jadde/Documents/Unreal Projects/PitchSample/Content/PitchSample/Characters/Rosier/Textures/Normal_Walk/Normal/Left/SS_StandardWalkSprite_MixMan_Normal_Sprite_31.uasset" 190
"../../../../../../Users/Jadde/Documents/Unreal Projects/PitchSample/Content/PitchSample/Characters/Rosier/Textures/Normal_Walk/Normal/Left/SS_StandardWalkSprite_MixMan_Normal_Sprite_32.uasset" 191
"../../../../../../Users/Jadde/Documents/Unreal Projects/PitchSample/Content/PitchSample/Characters/Rosier/Textures/Normal_Walk/Normal/Left/SS_StandardWalkSprite_MixMan_Normal_Sprite_33.uasset" 192
"../../../../../../Users/Jadde/Documents/Unreal Projects/PitchSample/Content/PitchSample/Characters/Rosier/Textures/Normal_Walk/Normal/Left/SS_StandardWalkSprite_MixMan_Normal_Sprite_34.uasset" 193
"../../../../../../Users/Jadde/Documents/Unreal Projects/PitchSample/Content/PitchSample/Characters/Rosier/Textures/Normal_Walk/Normal/Left/SS_StandardWalkSprite_MixMan_Normal_Sprite_35.uasset" 194
"../../../../../../Users/Jadde/Documents/Unreal Projects/PitchSample/Content/PitchSample/Characters/Rosier/Textures/Normal_Walk/Normal/Right/SS_StandardWalkSprite_MixMan_Normal_Sprite_0.uasset" 195
"../../../../../../Users/Jadde/Documents/Unreal Projects/PitchSample/Content/PitchSample/Characters/Rosier/Textures/Normal_Walk/Normal/Right/SS_StandardWalkSprite_MixMan_Normal_Sprite_1.uasset" 196
"../../../../../../Users/Jadde/Documents/Unreal Projects/PitchSample/Content/PitchSample/Characters/Rosier/Textures/Normal_Walk/Normal/Right/SS_StandardWalkSprite_MixMan_Normal_Sprite_10.uasset" 197
"../../../../../../Users/Jadde/Documents/Unreal Projects/PitchSample/Content/PitchSample/Characters/Rosier/Textures/Normal_Walk/Normal/Right/SS_StandardWalkSprite_MixMan_Normal_Sprite_11.uasset" 198
"../../../../../../Users/Jadde/Documents/Unreal Projects/PitchSample/Content/PitchSample/Characters/Rosier/Textures/Normal_Walk/Normal/Right/SS_StandardWalkSprite_MixMan_Normal_Sprite_12.uasset" 199
"../../../../../../Users/Jadde/Documents/Unreal Projects/PitchSample/Content/PitchSample/Characters/Rosier/Textures/Normal_Walk/Normal/Right/SS_StandardWalkSprite_MixMan_Normal_Sprite_13.uasset" 200
"../../../../../../Users/Jadde/Documents/Unreal Projects/PitchSample/Content/PitchSample/Characters/Rosier/Textures/Normal_Walk/Normal/Right/SS_StandardWalkSprite_MixMan_Normal_Sprite_14.uasset" 201
"../../../../../../Users/Jadde/Documents/Unreal Projects/PitchSample/Content/PitchSample/Characters/Rosier/Textures/Normal_Walk/Normal/Right/SS_StandardWalkSprite_MixMan_Normal_Sprite_15.uasset" 202
"../../../../../../Users/Jadde/Documents/Unreal Projects/PitchSample/Content/PitchSample/Characters/Rosier/Textures/Normal_Walk/Normal/Right/SS_StandardWalkSprite_MixMan_Normal_Sprite_16.uasset" 203
"../../../../../../Users/Jadde/Documents/Unreal Projects/PitchSample/Content/PitchSample/Characters/Rosier/Textures/Normal_Walk/Normal/Right/SS_StandardWalkSprite_MixMan_Normal_Sprite_17.uasset" 204
"../../../../../../Users/Jadde/Documents/Unreal Projects/PitchSample/Content/PitchSample/Characters/Rosier/Textures/Normal_Walk/Normal/Right/SS_StandardWalkSprite_MixMan_Normal_Sprite_2.uasset" 205
"../../../../../../Users/Jadde/Documents/Unreal Projects/PitchSample/Content/PitchSample/Characters/Rosier/Textures/Normal_Walk/Normal/Right/SS_StandardWalkSprite_MixMan_Normal_Sprite_3.uasset" 206
"../../../../../../Users/Jadde/Documents/Unreal Projects/PitchSample/Content/PitchSample/Characters/Rosier/Textures/Normal_Walk/Normal/Right/SS_StandardWalkSprite_MixMan_Normal_Sprite_4.uasset" 207
"../../../../../../Users/Jadde/Documents/Unreal Projects/PitchSample/Content/PitchSample/Characters/Rosier/Textures/Normal_Walk/Normal/Right/SS_StandardWalkSprite_MixMan_Normal_Sprite_5.uasset" 208
"../../../../../../Users/Jadde/Documents/Unreal Projects/PitchSample/Content/PitchSample/Characters/Rosier/Textures/Normal_Walk/Normal/Right/SS_StandardWalkSprite_MixMan_Normal_Sprite_6.uasset" 209
"../../../../../../Users/Jadde/Documents/Unreal Projects/PitchSample/Content/PitchSample/Characters/Rosier/Textures/Normal_Walk/Normal/Right/SS_StandardWalkSprite_MixMan_Normal_Sprite_7.uasset" 210
"../../../../../../Users/Jadde/Documents/Unreal Projects/PitchSample/Content/PitchSample/Characters/Rosier/Textures/Normal_Walk/Normal/Right/SS_StandardWalkSprite_MixMan_Normal_Sprite_8.uasset" 211
"../../../../../../Users/Jadde/Documents/Unreal Projects/PitchSample/Content/PitchSample/Characters/Rosier/Textures/Normal_Walk/Normal/Right/SS_StandardWalkSprite_MixMan_Normal_Sprite_9.uasset" 212
"../../../../../../Users/Jadde/Documents/Unreal Projects/PitchSample/Content/PitchSample/Mats/PostProcessMat.uasset" 213
"../../../../../../Users/Jadde/Documents/Unreal Projects/PitchSample/Content/PitchSample/Mats/Test/NewMaterial.uasset" 214
"../../../../../../Users/Jadde/Documents/Unreal Projects/PitchSample/Content/PitchSample/Textures/Environment/Wall_Test/60wall_base.uasset" 215
"../../../../../../Users/Jadde/Documents/Unreal Projects/PitchSample/Content/PitchSample/Textures/Environment/Wall_Test/60wall_normal.uasset" 216
"../../../../../../Users/Jadde/Documents/Unreal Projects/PitchSample/Content/PitchSample/Mats/Test/Wall_Ex.uasset" 217
"../../../../../../Users/Jadde/Documents/Unreal Projects/PitchSample/Content/PitchSample/Mats/Test/Wall_Ex1.uasset" 218
"../../../../../../Users/Jadde/Documents/Unreal Projects/PitchSample/Content/PitchSample/Mesh/Bar_Building03.uasset" 219
"../../../../../../Users/Jadde/Documents/Unreal Projects/PitchSample/Content/PitchSample/Mesh/Bar_Building03_Sign.uasset" 220
"../../../../../../Users/Jadde/Documents/Unreal Projects/PitchSample/Content/PitchSample/Mesh/Bar_Building03_Stairs.uasset" 221
"../../../../../../Users/Jadde/Documents/Unreal Projects/PitchSample/Content/PitchSample/Mesh/Pickables/Lock/LockMerged.uasset" 222
"../../../../../../Users/Jadde/Documents/Unreal Projects/PitchSample/Content/PitchSample/Mesh/SamplePitch/cloth01.uasset" 223
"../../../../../../Users/Jadde/Documents/Unreal Projects/PitchSample/Content/PitchSample/Mesh/SamplePitch/cloth02.uasset" 224
"../../../../../../Users/Jadde/Documents/Unreal Projects/PitchSample/Content/PitchSample/Mesh/SamplePitch/cloth03.uasset" 225
"../../../../../../Users/Jadde/Documents/Unreal Projects/PitchSample/Content/PitchSample/Mesh/TestMesh/Tex/120v2wall_normal.uasset" 226
"../../../../../../Users/Jadde/Documents/Unreal Projects/PitchSample/Content/PitchSample/Mesh/TestMesh/Tex/60v2wall_base.uasset" 227
"../../../../../../Users/Jadde/Documents/Unreal Projects/PitchSample/Content/PitchSample/Mesh/TestMesh/Master_2D_Lit_Inst.uasset" 228
"../../../../../../Users/Jadde/Documents/Unreal Projects/PitchSample/Content/PitchSample/Mesh/TestMesh/Tex/120walltop_normal.uasset" 229
"../../../../../../Users/Jadde/Documents/Unreal Projects/PitchSample/Content/PitchSample/Mesh/TestMesh/Tex/60walltop_base.uasset" 230
"../../../../../../Users/Jadde/Documents/Unreal Projects/PitchSample/Content/PitchSample/Mesh/TestMesh/Master_2D_Lit_Inst1.uasset" 231
"../../../../../../Users/Jadde/Documents/Unreal Projects/PitchSample/Content/PitchSample/Mesh/TestMesh/Old/topwallplane.uasset" 232
"../../../../../../Users/Jadde/Documents/Unreal Projects/PitchSample/Content/PitchSample/Mesh/TestMesh/Old/wallplane.uasset" 233
"../../../../../../Users/Jadde/Documents/Unreal Projects/PitchSample/Content/PitchSample/Textures/Environment/Wall_Test/100wall_normal.uasset" 234
"../../../../../../Users/Jadde/Documents/Unreal Projects/PitchSample/Content/PitchSample/Textures/Environment/Wall_Test/140wall_normal.uasset" 235
"../../../../../../Users/Jadde/Documents/Unreal Projects/PitchSample/Content/PitchSample/Textures/Environment/Wall_Test/180wall_normal.uasset" 236
"../../../../../../Users/Jadde/Documents/Unreal Projects/PitchSample/Content/PitchSample/Textures/Environment/Wall_Test/wall_base120.uasset" 237
"../../../../../../Users/Jadde/Documents/Unreal Projects/PitchSample/Content/PitchSample/Textures/Environment/Wall_Test/wall_base80.uasset" 238
"../../../../../../Users/Jadde/Documents/Unreal Projects/PitchSample/Content/PitchSample/Textures/Environment/Wall_Test/wall_normal.uasset" 239
"../../../../../../Users/Jadde/Documents/Unreal Projects/PitchSample/Content/PitchSample/UI/Textures/DialogueBox-Block.uasset" 240
"../../../../../../Users/Jadde/Documents/Unreal Projects/PitchSample/Content/PitchSample/UI/Textures/DialogueBox-TriangleRight.uasset" 241
"../../../../../../Users/Jadde/Documents/Unreal Projects/PitchSample/Content/PitchSample/UI/Textures/DialogueBox_highlight.uasset" 242
"../../../../../../Users/Jadde/Documents/Unreal Projects/PitchSample/Content/PitchSample/UI/Test/UI_DialogueBox.uasset" 243
"../../../../../../Users/Jadde/Documents/Unreal Projects/PitchSample/Content/PitchSample/UI/Test/UI_DialogueBox1.uasset" 244
"../../../../../../Users/Jadde/Documents/Unreal Projects/PitchSample/Content/PitchSample/UI/Test/UI_DialogueBox2.uasset" 245
"../../../../../../Users/Jadde/Documents/Unreal Projects/PitchSample/Content/PitchSample/UI/Test/UI_HighlightedDialogue.uasset" 246
"../../../../../../Users/Jadde/Documents/Unreal Projects/PitchSample/Content/PitchSample/UI/Test/UI_interactibleButton.uasset" 247
"../../../../../../Users/Jadde/Documents/Unreal Projects/PitchSample/Content/PitchSample/UI/Textures/Untitled-3.uasset" 248
"../../../../../../Users/Jadde/Documents/Unreal Projects/PitchSample/Content/ThirdPersonBP/ThirdPersonOverview.uasset" 249
"../../../../../../Users/Jadde/Documents/Unreal Projects/PitchSample/Content/ThirdPersonBP/Mannequin/Character/Mesh/UE4_Mannequin_Skeleton.uasset" 250
"../../../../../../Users/Jadde/Documents/Unreal Projects/PitchSample/Content/ThirdPersonBP/Mannequin/Animations/ThirdPerson_Jump.uasset" 251
"../../../../../../Users/Jadde/Documents/Unreal Projects/PitchSample/Content/ThirdPersonBP/Mannequin/Animations/ThirdPersonJump_Loop.uasset" 252
"../../../../../../Users/Jadde/Documents/Unreal Projects/PitchSample/Content/ThirdPersonBP/Mannequin/Animations/ThirdPersonJump_Start.uasset" 253
"../../../../../../Users/Jadde/Documents/Unreal Projects/PitchSample/Content/ThirdPersonBP/Mannequin/Animations/ThirdPersonIdle.uasset" 254
"../../../../../../Users/Jadde/Documents/Unreal Projects/PitchSample/Content/ThirdPersonBP/Mannequin/Animations/ThirdPersonRun.uasset" 255
"../../../../../../Users/Jadde/Documents/Unreal Projects/PitchSample/Content/ThirdPersonBP/Mannequin/Animations/ThirdPersonWalk.uasset" 256
"../../../../../../Users/Jadde/Documents/Unreal Projects/PitchSample/Content/ThirdPersonBP/Mannequin/Animations/ThirdPerson_IdleRun_2D.uasset" 257
"../../../Engine/Content/EditorBlueprintResources/StandardMacros.uasset" 258
"../../../../../../Users/Jadde/Documents/Unreal Projects/PitchSample/Content/ThirdPersonBP/Mannequin/Animations/ThirdPerson_AnimBP.uasset" 259
"../../../Engine/Content/Functions/Engine_MaterialFunctions02/Utility/BlendAngleCorrectedNormals.uasset" 260
"../../../Engine/Content/Functions/MaterialLayerFunctions/MatLayerBlend_NormalBlend.uasset" 261
"../../../Engine/Content/Functions/MaterialLayerFunctions/MatLayerBlend_Simple.uasset" 262
"../../../../../../Users/Jadde/Documents/Unreal Projects/PitchSample/Content/ThirdPersonBP/Mannequin/Character/Materials/MaterialLayers/T_ML_Rubber_Blue_01_D.uasset" 263
"../../../../../../Users/Jadde/Documents/Unreal Projects/PitchSample/Content/ThirdPersonBP/Mannequin/Character/Materials/MaterialLayers/T_ML_Rubber_Blue_01_N.uasset" 264
"../../../../../../Users/Jadde/Documents/Unreal Projects/PitchSample/Content/ThirdPersonBP/Mannequin/Character/Materials/MaterialLayers/ML_GlossyBlack_Latex_UE4.uasset" 265
"../../../../../../Users/Jadde/Documents/Unreal Projects/PitchSample/Content/ThirdPersonBP/Mannequin/Character/Materials/MaterialLayers/ML_Plastic_Shiny_Beige.uasset" 266
"../../../../../../Users/Jadde/Documents/Unreal Projects/PitchSample/Content/ThirdPersonBP/Mannequin/Character/Textures/UE4_LOGO_CARD.uasset" 267
"../../../../../../Users/Jadde/Documents/Unreal Projects/PitchSample/Content/ThirdPersonBP/Mannequin/Character/Materials/MaterialLayers/ML_Plastic_Shiny_Beige_LOGO.uasset" 268
"../../../../../../Users/Jadde/Documents/Unreal Projects/PitchSample/Content/ThirdPersonBP/Mannequin/Character/Materials/MaterialLayers/T_ML_Aluminum01.uasset" 269
"../../../../../../Users/Jadde/Documents/Unreal Projects/PitchSample/Content/ThirdPersonBP/Mannequin/Character/Materials/MaterialLayers/T_ML_Aluminum01_N.uasset" 270
"../../../../../../Users/Jadde/Documents/Unreal Projects/PitchSample/Content/ThirdPersonBP/Mannequin/Character/Materials/MaterialLayers/ML_SoftMetal_UE4.uasset" 271
"../../../../../../Users/Jadde/Documents/Unreal Projects/PitchSample/Content/ThirdPersonBP/Mannequin/Character/Textures/UE4_Mannequin__normals.uasset" 272
"../../../../../../Users/Jadde/Documents/Unreal Projects/PitchSample/Content/ThirdPersonBP/Mannequin/Character/Textures/UE4_Mannequin_MAT_MASKA.uasset" 273
"../../../../../../Users/Jadde/Documents/Unreal Projects/PitchSample/Content/ThirdPersonBP/Mannequin/Character/Materials/M_UE4Man_Body.uasset" 274
"../../../../../../Users/Jadde/Documents/Unreal Projects/PitchSample/Content/ThirdPersonBP/Mannequin/Character/Textures/UE4Man_Logo_N.uasset" 275
"../../../../../../Users/Jadde/Documents/Unreal Projects/PitchSample/Content/ThirdPersonBP/Mannequin/Character/Materials/M_UE4Man_ChestLogo.uasset" 276
"../../../../../../Users/Jadde/Documents/Unreal Projects/PitchSample/Content/ThirdPersonBP/Mannequin/Character/Mesh/SK_Mannequin_PhysicsAsset.uasset" 277
"../../../../../../Users/Jadde/Documents/Unreal Projects/PitchSample/Content/ThirdPersonBP/Mannequin/Character/Mesh/SK_Mannequin.uasset" 278
"../../../../../../Users/Jadde/Documents/Unreal Projects/PitchSample/Content/ThirdPersonBP/Blueprints/ThirdPersonCharacter.uasset" 279
"../../../../../../Users/Jadde/Documents/Unreal Projects/PitchSample/Content/ThirdPersonBP/Blueprints/ThirdPersonGameMode.uasset" 280
"../../../../../../Users/Jadde/Documents/Unreal Projects/PitchSample/Content/ThirdPersonBP/Mannequin/Animations/ThirdPersonJump_End.uasset" 281
"../../../Engine/Content/Animation/DefaultAnimCurveCompressionSettings.uasset" 282
"../../../Engine/Content/ArtTools/RenderToTexture/Meshes/S_1_Unit_Plane.uasset" 283
"../../../Engine/Content/EngineMaterials/DefaultMaterial.uasset" 284
"../../../Engine/Content/BasicShapes/Cone.uasset" 285
"../../../Engine/Content/BasicShapes/Cylinder.uasset" 286
"../../../Engine/Content/BasicShapes/Plane.uasset" 287
"../../../Engine/Content/BasicShapes/Sphere.uasset" 288
"../../../Engine/Content/EditorLandscapeResources/DataLayer.uasset" 289
"../../../Engine/Content/EditorMaterials/MAT_Groups_Toggle.uasset" 290
"../../../Engine/Content/EditorMaterials/MAT_Groups_Visibility.uasset" 291
"../../../Engine/Content/EditorMaterials/PreviewShadowIndicator.uasset" 292
"../../../Engine/Content/EditorMaterials/PreviewShadowIndicatorMaterial.uasset" 293
"../../../Engine/Content/EditorMaterials/MatineeGroups/MAT_ColorTrack.uasset" 294
"../../../Engine/Content/EditorMaterials/MatineeGroups/MAT_Groups_Anim.uasset" 295
"../../../Engine/Content/EditorMaterials/MatineeGroups/MAT_Groups_AudioMaster.uasset" 296
"../../../Engine/Content/EditorMaterials/MatineeGroups/MAT_Groups_Director.uasset" 297
"../../../Engine/Content/EditorMaterials/MatineeGroups/MAT_Groups_Event.uasset" 298
"../../../Engine/Content/EditorMaterials/MatineeGroups/MAT_Groups_Fade.uasset" 299
"../../../Engine/Content/EditorMaterials/MatineeGroups/MAT_Groups_Float.uasset" 300
"../../../Engine/Content/EditorMaterials/MatineeGroups/MAT_Groups_Move.uasset" 301
"../../../Engine/Content/EditorMaterials/MatineeGroups/MAT_Groups_Slomo.uasset" 302
"../../../Engine/Content/EditorMaterials/MatineeGroups/MAT_Groups_Sound.uasset" 303
"../../../Engine/Content/EditorMaterials/MatineeGroups/MAT_Groups_Vector.uasset" 304
"../../../Engine/Content/EditorMaterials/ParticleSystems/PSysThumbnail_NoImage.uasset" 305
"../../../Engine/Content/EditorMaterials/ParticleSystems/PSysThumbnail_OOD.uasset" 306
"../../../Engine/Content/EditorMaterials/Camera/CineMat.uasset" 307
"../../../Engine/Content/EditorMaterials/Camera/MI_CineMat_Rig.uasset" 308
"../../../Engine/Content/EditorMeshes/Camera/SM_CraneRig_Arm.uasset" 309
"../../../Engine/Content/EditorMeshes/Camera/SM_CraneRig_Base.uasset" 310
"../../../Engine/Content/EditorMeshes/Camera/SM_CraneRig_Body.uasset" 311
"../../../Engine/Content/EditorMeshes/Camera/SM_CraneRig_Mount.uasset" 312
"../../../Engine/Content/EditorMeshes/Camera/SM_RailRig_Mount.uasset" 313
"../../../Engine/Content/EditorMeshes/Camera/SM_RailRig_Track.uasset" 314
"../../../Engine/Content/EditorResources/BSPVertex.uasset" 315
"../../../Engine/Content/EditorResources/EmptyActor.uasset" 316
"../../../Engine/Content/EditorResources/S_Actor.uasset" 317
"../../../Engine/Content/EditorResources/S_Note.uasset" 318
"../../../Engine/Content/EditorResources/S_Solver.uasset" 319
"../../../Engine/Content/EditorResources/S_Trigger.uasset" 320
"../../../Engine/Content/EditorResources/LightIcons/S_LightError.uasset" 321
"../../../Engine/Content/EditorResources/SequenceRecorder/Countdown.uasset" 322
"../../../Engine/Content/EditorResources/SequenceRecorder/RecordingIndicator.uasset" 323
"../../../Engine/Content/EditorSounds/Notifications/CompileFailed.uasset" 324
"../../../Engine/Content/EditorSounds/Notifications/CompileFailed_Cue.uasset" 325
"../../../Engine/Content/EditorSounds/Notifications/CompileSuccess.uasset" 326
"../../../Engine/Content/EditorSounds/Notifications/CompileStart_Cue.uasset" 327
"../../../Engine/Content/EditorSounds/Notifications/CompileSuccess_Cue.uasset" 328
"../../../Engine/Content/EngineDamageTypes/DmgTypeBP_Environmental.uasset" 329
"../../../Engine/Content/EngineDebugMaterials/DebugEditorMaterial.uasset" 330
"../../../Engine/Content/EngineDebugMaterials/DebugMeshMaterial.uasset" 331
"../../../Engine/Content/EngineDebugMaterials/M_SimpleTranslucent.uasset" 332
"../../../Engine/Content/Functions/Engine_MaterialFunctions02/Utility/CameraDirectionVector.uasset" 333
"../../../Engine/Content/EngineDebugMaterials/VolumeToRender.uasset" 334
"../../../Engine/Content/EngineDebugMaterials/M_VolumeRenderSphereTracePP.uasset" 335
"../../../Engine/Content/EngineDebugMaterials/WireframeMaterial.uasset" 336
"../../../Engine/Content/EngineFonts/Faces/DroidSansFallback.uasset" 337
"../../../Engine/Content/EngineFonts/Faces/RobotoBold.uasset" 338
"../../../Engine/Content/EngineFonts/Faces/RobotoBoldItalic.uasset" 339
"../../../Engine/Content/EngineFonts/Faces/RobotoItalic.uasset" 340
"../../../Engine/Content/EngineFonts/Faces/RobotoLight.uasset" 341
"../../../Engine/Content/EngineFonts/Faces/RobotoRegular.uasset" 342
"../../../Engine/Content/EngineFonts/Roboto.uasset" 343
"../../../Engine/Content/EngineMaterials/BaseFlattenDiffuseMap.uasset" 344
"../../../Engine/Content/EngineMaterials/BaseFlattenEmissiveMap.uasset" 345
"../../../Engine/Content/EngineMaterials/BaseFlattenGrayscaleMap.uasset" 346
"../../../Engine/Content/EngineMaterials/BaseFlattenNormalMap.uasset" 347
"../../../Engine/Content/EngineMaterials/BaseFlattenMaterial.uasset" 348
"../../../Engine/Content/EngineMaterials/BlueNoise.uasset" 349
"../../../Engine/Content/EngineMaterials/DefaultBloomKernel.uasset" 350
"../../../Engine/Content/EngineMaterials/DefaultBokeh.uasset" 351
"../../../Engine/Content/EngineMaterials/DefaultDiffuse.uasset" 352
"../../../Engine/Content/EngineMaterials/DefaultDeferredDecalMaterial.uasset" 353
"../../../Engine/Content/EngineMaterials/DefaultLightFunctionMaterial.uasset" 354
"../../../Engine/Content/EngineMaterials/DefaultPhysicalMaterial.uasset" 355
"../../../Engine/Content/Functions/Engine_MaterialFunctions02/Utility/BreakOutFloat2Components.uasset" 356
"../../../Engine/Content/EngineMaterials/DefaultPostProcessMaterial.uasset" 357
"../../../Engine/Content/EngineFonts/RobotoDistanceField.uasset" 358
"../../../Engine/Content/EngineMaterials/DefaultTextMaterialOpaque.uasset" 359
"../../../Engine/Content/EngineMaterials/DefaultVirtualTextureMaterial.uasset" 360
"../../../Engine/Content/EngineMaterials/DefaultWhiteGrid.uasset" 361
"../../../Engine/Content/EngineMaterials/DefaultWhiteGrid_Low.uasset" 362
"../../../Engine/Content/EngineMaterials/EmissiveMeshMaterial.uasset" 363
"../../../Engine/Content/EngineMaterials/GizmoMaterial.uasset" 364
"../../../Engine/Content/EngineMaterials/Good64x64TilingNoiseHighFreq.uasset" 365
"../../../Engine/Content/EngineMaterials/HairDefaultMaterial.uasset" 366
"../../../Engine/Content/EngineMaterials/MiniFont.uasset" 367
"../../../Engine/Content/EngineMaterials/InvalidLightmapSettings.uasset" 368
"../../../Engine/Content/EngineMaterials/M_InvalidLightmapSettings.uasset" 369
"../../../Engine/Content/Functions/Engine_MaterialFunctions02/WorldPositionOffset/CameraOffset.uasset" 370
"../../../Engine/Content/EngineMaterials/PhAT_JointLimitMaterial.uasset" 371
"../../../Engine/Content/EngineMaterials/PreintegratedSkinBRDF.uasset" 372
"../../../Engine/Content/EngineMaterials/RemoveSurfaceMaterial.uasset" 373
"../../../Engine/Content/EngineMaterials/WeightMapPlaceholderTexture.uasset" 374
"../../../Engine/Content/EngineResources/WhiteSquareTexture.uasset" 375
"../../../Engine/Content/EngineMaterials/Widget3DPassThrough.uasset" 376
"../../../Engine/Content/EngineMaterials/Widget3DPassThrough_Masked.uasset" 377
"../../../Engine/Content/EngineMaterials/Widget3DPassThrough_Opaque.uasset" 378
"../../../Engine/Content/EngineMaterials/Widget3DPassThrough_Masked_OneSided.uasset" 379
"../../../Engine/Content/EngineMaterials/Widget3DPassThrough_Opaque_OneSided.uasset" 380
"../../../Engine/Content/EngineMaterials/Widget3DPassThrough_Translucent.uasset" 381
"../../../Engine/Content/EngineMaterials/Widget3DPassThrough_Translucent_OneSided.uasset" 382
"../../../Engine/Content/EngineMeshes/Cylinder.uasset" 383
"../../../Engine/Content/EngineMeshes/Sphere.uasset" 384
"../../../Engine/Content/EngineResources/Black.uasset" 385
"../../../Engine/Content/EngineResources/DefaultTexture.uasset" 386
"../../../Engine/Content/EngineResources/DefaultTextureCube.uasset" 387
"../../../Engine/Content/EngineResources/DefaultVolumeTexture2D.uasset" 388
"../../../Engine/Content/EngineResources/DefaultVolumeTexture.uasset" 389
"../../../Engine/Content/EngineResources/GradientTexture0.uasset" 390
"../../../Engine/Content/EngineSounds/Master.uasset" 391
"../../../Engine/Content/Functions/Engine_MaterialFunctions01/Shading/ConvertFromDiffSpec.uasset" 392
"../../../Engine/Content/Functions/Engine_MaterialFunctions01/Shading/PowerToRoughness.uasset" 393
"../../../Engine/Content/Maps/Templates/Thumbnails/Default.uasset" 394
"../../../Engine/Content/Maps/Templates/Thumbnails/TimeOfDay.uasset" 395
"../../../Engine/Content/Maps/Templates/Thumbnails/VR-Basic.uasset" 396
"../../../Engine/Content/MobileResources/T_MobileControls_texture.uasset" 397
"../../../Engine/Content/MobileResources/T_MobileMenu2.uasset" 398
"../../../Engine/Content/MobileResources/HUD/AnalogHat.uasset" 399
"../../../Engine/Content/MobileResources/HUD/VirtualJoystick_Background.uasset" 400
"../../../Engine/Content/MobileResources/HUD/VirtualJoystick_Thumb.uasset" 401
"../../../Engine/Content/MobileResources/HUD/DefaultVirtualJoysticks.uasset" 402
"../../../Engine/Content/MobileResources/HUD/LeftVirtualJoystickOnly.uasset" 403
"../../../Engine/Content/MobileResources/HUD/MobileHUDButton1_off.uasset" 404
"../../../Engine/Content/MobileResources/HUD/MobileHUDButton1_on.uasset" 405
"../../../Engine/Content/MobileResources/HUD/MobileHUDButton2_off.uasset" 406
"../../../Engine/Content/MobileResources/HUD/MobileHUDButton2_on.uasset" 407
"../../../Engine/Content/MobileResources/HUD/MobileHUDButton3.uasset" 408
"../../../Engine/Content/MobileResources/HUD/MobileHUDButtonFire.uasset" 409
"../../../Engine/Content/MobileResources/HUD/MobileHUDDirectionPad.uasset" 410
"../../../Engine/Content/MobileResources/HUD/MobileHUDDirectionPad2.uasset" 411
"../../../Engine/Content/MobileResources/HUD/MobileHUDDirectionPad3.uasset" 412
"../../../Engine/Content/MobileResources/HUD/MobileHUDDirectionStick.uasset" 413
"../../../Engine/Content/MobileResources/HUD/T_Castle_ThumbstickInner.uasset" 414
"../../../Engine/Content/MobileResources/HUD/T_Castle_ThumbstickOutter.uasset" 415
"../../../Engine/Content/Tutorial/ContentIntroCurve.uasset" 416
"../../../Engine/Content/Tutorial/Basics/LevelEditorAttract.uasset" 417
"../../../Engine/Content/Tutorial/Basics/TutorialAssets/icon_tab_Levels_40x.uasset" 418
"../../../Engine/Content/Tutorial/Basics/LevelEditorOverview.uasset" 419
"../../../Engine/Content/VREditor/LaserPointer/VR_LaserPower_01.uasset" 420
"../../../Engine/Content/VREditor/TransformGizmo/TransformGizmoMaterial.uasset" 421
"../../../Engine/Content/VREditor/TransformGizmo/TranslucentTransformGizmoMaterial.uasset" 422
"../../../Engine/Content/VREditor/TransformGizmo/BoundingBoxCorner.uasset" 423
"../../../Engine/Content/VREditor/TransformGizmo/BoundingBoxEdge.uasset" 424
"../../../Engine/Content/VREditor/TransformGizmo/PlaneTranslationHandle.uasset" 425
"../../../Engine/Content/VREditor/TransformGizmo/Main.uasset" 426
"../../../Engine/Content/VREditor/TransformGizmo/Xray.uasset" 427
"../../../Engine/Content/VREditor/TransformGizmo/SM_Sequencer_Key.uasset" 428
"../../../Engine/Content/VREditor/TransformGizmo/SM_Sequencer_Node.uasset" 429
"../../Plugins/2D/Paper2D/Content/DummySprite.uasset" 430
"../../Plugins/2D/Paper2D/Content/DefaultPaperTerrainMaterial.uasset" 431
"../../Plugins/2D/Paper2D/Content/DummySpriteTexture.uasset" 432
"../../Plugins/2D/Paper2D/Content/DefaultSpriteMaterial.uasset" 433
"../../Plugins/2D/Paper2D/Content/MaskedUnlitSpriteMaterial.uasset" 434
"../../Plugins/2D/Paper2D/Content/OpaqueUnlitSpriteMaterial.uasset" 435
"../../../Engine/Content/Functions/Engine_MaterialFunctions02/Utility/BreakOutFloat4Components.uasset" 436
"../../../Engine/Content/Functions/Engine_MaterialFunctions02/Utility/MakeFloat2.uasset" 437
"../../../Engine/Content/Functions/Engine_MaterialFunctions02/Utility/MakeFloat3.uasset" 438
"../../Plugins/Runtime/Oculus/OculusVR/Content/Materials/OculusMR_ChromaKey.uasset" 439
"../../Plugins/Runtime/Oculus/OculusVR/Content/Materials/OculusMR_ChromaKey_Lit.uasset" 440
"../../Plugins/Runtime/Oculus/OculusVR/Content/Materials/OculusMR_OpaqueColoredMaterial.uasset" 441
"../../Plugins/Runtime/Oculus/OculusVR/Content/Materials/OculusMR_WhiteMaterial.uasset" 442
"../../../../../../Users/Jadde/Documents/Unreal Projects/PitchSample/Plugins/DlgSystem/Content/Example_BP_Docs.uasset" 443
"../../../../../../Users/Jadde/Documents/Unreal Projects/PitchSample/Plugins/DlgSystem/Content/Example_Struct_DialogueData.uasset" 444
"../../../../../../Users/Jadde/Documents/Unreal Projects/PitchSample/Plugins/DlgSystem/Content/Example_BP_Participant.uasset" 445
"../../../Engine/Content/EngineSky/C_Sky_Cloud_Color.uasset" 446
"../../../Engine/Content/EngineSky/C_Sky_Horizon_Color.uasset" 447
"../../../Engine/Content/EngineSky/C_Sky_Zenith_Color.uasset" 448
"../../../Engine/Content/EngineSky/T_Sky_Blue.uasset" 449
"../../../Engine/Content/EngineSky/T_Sky_Clouds_M.uasset" 450
"../../../Engine/Content/EngineSky/T_Sky_Stars.uasset" 451
"../../../Engine/Content/EngineSky/M_Sky_Panning_Clouds2.uasset" 452
"../../../Engine/Content/EngineSky/SM_SkySphere.uasset" 453
"../../../Engine/Content/EngineSky/BP_Sky_Sphere.uasset" 454
"../../../../../../Users/Jadde/Documents/Unreal Projects/PitchSample/Content/PitchSample/Maps/EntranceHub.umap" 455
"../../../../../../Users/Jadde/Documents/Unreal Projects/PitchSample/Content/PitchSample/Blueprints/AI/PatrolPath_Master.uasset" 456
"../../../../../../Users/Jadde/Documents/Unreal Projects/PitchSample/Content/PitchSample/Blueprints/AI/Walking_AI_BB.uasset" 457
"../../../../../../Users/Jadde/Documents/Unreal Projects/PitchSample/Content/PitchSample/Blueprints/AI/AI_Tasks/DecrementPathIndex.uasset" 458
"../../../../../../Users/Jadde/Documents/Unreal Projects/PitchSample/Content/PitchSample/Blueprints/AI/AI_Tasks/FindPatrolPoint.uasset" 459
"../../../../../../Users/Jadde/Documents/Unreal Projects/PitchSample/Content/PitchSample/Blueprints/AI/AI_Tasks/IncrementPathIndex.uasset" 460
"../../../../../../Users/Jadde/Documents/Unreal Projects/PitchSample/Content/PitchSample/Blueprints/AI/AI_Tasks/LoopPath.uasset" 461
"../../../../../../Users/Jadde/Documents/Unreal Projects/PitchSample/Content/PitchSample/Blueprints/AI/Walking_AI_BT.uasset" 462
"../../../../../../Users/Jadde/Documents/Unreal Projects/PitchSample/Content/PitchSample/Blueprints/AI/Walking_AI_Controller.uasset" 463
"../../../../../../Users/Jadde/Documents/Unreal Projects/PitchSample/Content/PitchSample/Blueprints/AI/Walking_NPC_Base.uasset" 464
"../../../../../../Users/Jadde/Documents/Unreal Projects/PitchSample/Content/PitchSample/Blueprints/AI/Walking_Ai_Controller_D.uasset" 465
"../../../../../../Users/Jadde/Documents/Unreal Projects/PitchSample/Content/PitchSample/Characters/NPC/NPC_1/Animations/AnimSequences/NPC1_WalkLeft.uasset" 466
"../../../../../../Users/Jadde/Documents/Unreal Projects/PitchSample/Content/PitchSample/Characters/NPC/NPC_1/Animations/AnimSequences/NPC1_WalkRight.uasset" 467
"../../../../../../Users/Jadde/Documents/Unreal Projects/PitchSample/Content/PitchSample/Characters/NPC/NPC_1/NPC_1_AnimBP.uasset" 468
"../../../../../../Users/Jadde/Documents/Unreal Projects/PitchSample/Content/PitchSample/Characters/NPC/NPC_1/NPC_1.uasset" 469
"../../../../../../Users/Jadde/Documents/Unreal Projects/PitchSample/Content/PitchSample/Characters/Rosier/Rosier_PC.uasset" 470
"../../../../../../Users/Jadde/Documents/Unreal Projects/PitchSample/Content/PitchSample/Blueprints/Paper2D_Gamemode.uasset" 471
"../../../../../../Users/Jadde/Documents/Unreal Projects/PitchSample/Content/PitchSample/Characters/NPC/NPC_1/PatrolPath_NPC1.uasset" 472
"../../../../../../Users/Jadde/Documents/Unreal Projects/PitchSample/Content/PitchSample/Mesh/TestMesh/120/120wall_base.uasset" 473
"../../../../../../Users/Jadde/Documents/Unreal Projects/PitchSample/Content/PitchSample/Mesh/TestMesh/120/120wall_normal.uasset" 474
"../../../../../../Users/Jadde/Documents/Unreal Projects/PitchSample/Content/PitchSample/Mesh/TestMesh/120/1200WallBase.uasset" 475
"../../../../../../Users/Jadde/Documents/Unreal Projects/PitchSample/Content/PitchSample/Mesh/TestMesh/120/120door_base.uasset" 476
"../../../../../../Users/Jadde/Documents/Unreal Projects/PitchSample/Content/PitchSample/Mesh/TestMesh/120/120door_normal.uasset" 477
"../../../../../../Users/Jadde/Documents/Unreal Projects/PitchSample/Content/PitchSample/Mesh/TestMesh/120/120doorBase.uasset" 478
"../../../../../../Users/Jadde/Documents/Unreal Projects/PitchSample/Content/PitchSample/Mesh/TestMesh/120/120sidewall_base.uasset" 479
"../../../../../../Users/Jadde/Documents/Unreal Projects/PitchSample/Content/PitchSample/Mesh/TestMesh/120/120sidewall_normal.uasset" 480
"../../../../../../Users/Jadde/Documents/Unreal Projects/PitchSample/Content/PitchSample/Mesh/TestMesh/120/120sidewall.uasset" 481
"../../../../../../Users/Jadde/Documents/Unreal Projects/PitchSample/Content/PitchSample/Mesh/TestMesh/120/120cornertop_base.uasset" 482
"../../../../../../Users/Jadde/Documents/Unreal Projects/PitchSample/Content/PitchSample/Mesh/TestMesh/120/120cornertop_normal.uasset" 483
"../../../../../../Users/Jadde/Documents/Unreal Projects/PitchSample/Content/PitchSample/Mesh/TestMesh/120/cornertopbase.uasset" 484
"../../../../../../Users/Jadde/Documents/Unreal Projects/PitchSample/Content/PitchSample/Mesh/TestMesh/120/120cornerwall_base.uasset" 485
"../../../../../../Users/Jadde/Documents/Unreal Projects/PitchSample/Content/PitchSample/Mesh/TestMesh/120/120cornerwall_normal.uasset" 486
"../../../../../../Users/Jadde/Documents/Unreal Projects/PitchSample/Content/PitchSample/Mesh/TestMesh/120/Cronerwall.uasset" 487
"../../../../../../Users/Jadde/Documents/Unreal Projects/PitchSample/Content/PitchSample/Mesh/TestMesh/120/120walltop_base.uasset" 488
"../../../../../../Users/Jadde/Documents/Unreal Projects/PitchSample/Content/PitchSample/Mesh/TestMesh/120/120walltop_normal.uasset" 489
"../../../../../../Users/Jadde/Documents/Unreal Projects/PitchSample/Content/PitchSample/Mesh/TestMesh/120/walltop.uasset" 490
"../../../../../../Users/Jadde/Documents/Unreal Projects/PitchSample/Content/PitchSample/Mesh/TestMesh/60/60cornertop_base.uasset" 491
"../../../../../../Users/Jadde/Documents/Unreal Projects/PitchSample/Content/PitchSample/Mesh/TestMesh/60/60cornertop_normal.uasset" 492
"../../../../../../Users/Jadde/Documents/Unreal Projects/PitchSample/Content/PitchSample/Mesh/TestMesh/60/60cornertopbase.uasset" 493
"../../../../../../Users/Jadde/Documents/Unreal Projects/PitchSample/Content/PitchSample/Mesh/TestMesh/60/60cornerwall_base.uasset" 494
"../../../../../../Users/Jadde/Documents/Unreal Projects/PitchSample/Content/PitchSample/Mesh/TestMesh/60/60cornerwall_normal.uasset" 495
"../../../../../../Users/Jadde/Documents/Unreal Projects/PitchSample/Content/PitchSample/Mesh/TestMesh/60/60Cronerwall.uasset" 496
"../../../../../../Users/Jadde/Documents/Unreal Projects/PitchSample/Content/PitchSample/Mesh/TestMesh/60/60door_base.uasset" 497
"../../../../../../Users/Jadde/Documents/Unreal Projects/PitchSample/Content/PitchSample/Mesh/TestMesh/60/60door_normal.uasset" 498
"../../../../../../Users/Jadde/Documents/Unreal Projects/PitchSample/Content/PitchSample/Mesh/TestMesh/60/60doorBase.uasset" 499
"../../../../../../Users/Jadde/Documents/Unreal Projects/PitchSample/Content/PitchSample/Mesh/TestMesh/60/60sidewall_base.uasset" 500
"../../../../../../Users/Jadde/Documents/Unreal Projects/PitchSample/Content/PitchSample/Mesh/TestMesh/60/60sidewall_normal.uasset" 501
"../../../../../../Users/Jadde/Documents/Unreal Projects/PitchSample/Content/PitchSample/Mesh/TestMesh/60/60sidewall.uasset" 502
"../../../../../../Users/Jadde/Documents/Unreal Projects/PitchSample/Content/PitchSample/Mesh/TestMesh/60/60wall_base.uasset" 503
"../../../../../../Users/Jadde/Documents/Unreal Projects/PitchSample/Content/PitchSample/Mesh/TestMesh/60/60wall_normal.uasset" 504
"../../../../../../Users/Jadde/Documents/Unreal Projects/PitchSample/Content/PitchSample/Mesh/TestMesh/60/60WallBase.uasset" 505
"../../../../../../Users/Jadde/Documents/Unreal Projects/PitchSample/Content/PitchSample/Mesh/TestMesh/60/60walltop_base.uasset" 506
"../../../../../../Users/Jadde/Documents/Unreal Projects/PitchSample/Content/PitchSample/Mesh/TestMesh/60/60walltop_normal.uasset" 507
"../../../../../../Users/Jadde/Documents/Unreal Projects/PitchSample/Content/PitchSample/Mesh/TestMesh/60/60walltop.uasset" 508
"../../../../../../Users/Jadde/Documents/Unreal Projects/PitchSample/Content/PitchSample/Mesh/TestMesh/80/80door_base.uasset" 509
"../../../../../../Users/Jadde/Documents/Unreal Projects/PitchSample/Content/PitchSample/Mesh/TestMesh/80/80door_normal.uasset" 510
"../../../../../../Users/Jadde/Documents/Unreal Projects/PitchSample/Content/PitchSample/Mesh/TestMesh/80/80doorBase.uasset" 511
"../../../../../../Users/Jadde/Documents/Unreal Projects/PitchSample/Content/PitchSample/Mesh/TestMesh/80/80sidewall_base.uasset" 512
"../../../../../../Users/Jadde/Documents/Unreal Projects/PitchSample/Content/PitchSample/Mesh/TestMesh/80/80sidewall_normal.uasset" 513
"../../../../../../Users/Jadde/Documents/Unreal Projects/PitchSample/Content/PitchSample/Mesh/TestMesh/80/80sidewall.uasset" 514
"../../../../../../Users/Jadde/Documents/Unreal Projects/PitchSample/Content/PitchSample/Mesh/TestMesh/80/80wall_base.uasset" 515
"../../../../../../Users/Jadde/Documents/Unreal Projects/PitchSample/Content/PitchSample/Mesh/TestMesh/80/80wall_normal.uasset" 516
"../../../../../../Users/Jadde/Documents/Unreal Projects/PitchSample/Content/PitchSample/Mesh/TestMesh/80/80WallBase.uasset" 517
"../../../../../../Users/Jadde/Documents/Unreal Projects/PitchSample/Content/PitchSample/Mesh/TestMesh/80/80cornertop_base.uasset" 518
"../../../../../../Users/Jadde/Documents/Unreal Projects/PitchSample/Content/PitchSample/Mesh/TestMesh/80/80cornertop_normal.uasset" 519
"../../../../../../Users/Jadde/Documents/Unreal Projects/PitchSample/Content/PitchSample/Mesh/TestMesh/80/cornertopbase.uasset" 520
"../../../../../../Users/Jadde/Documents/Unreal Projects/PitchSample/Content/PitchSample/Mesh/TestMesh/80/80cornerwall_base.uasset" 521
"../../../../../../Users/Jadde/Documents/Unreal Projects/PitchSample/Content/PitchSample/Mesh/TestMesh/80/80cornerwall_normal.uasset" 522
"../../../../../../Users/Jadde/Documents/Unreal Projects/PitchSample/Content/PitchSample/Mesh/TestMesh/80/Cronerwall.uasset" 523
"../../../../../../Users/Jadde/Documents/Unreal Projects/PitchSample/Content/PitchSample/Mesh/TestMesh/80/80walltop_base.uasset" 524
"../../../../../../Users/Jadde/Documents/Unreal Projects/PitchSample/Content/PitchSample/Mesh/TestMesh/80/80walltop_normal.uasset" 525
"../../../../../../Users/Jadde/Documents/Unreal Projects/PitchSample/Content/PitchSample/Mesh/TestMesh/80/walltop.uasset" 526
"../../../../../../Users/Jadde/Documents/Unreal Projects/PitchSample/Content/ThirdPersonBP/Geometry/Meshes/CubeMaterial.uasset" 527
"../../../../../../Users/Jadde/Documents/Unreal Projects/PitchSample/Content/ThirdPersonBP/Geometry/Meshes/Debug_Mat.uasset" 528
"../../../../../../Users/Jadde/Documents/Unreal Projects/PitchSample/Content/PitchSample/Mesh/TestMesh/SendToUe_corner.uasset" 529
"../../../../../../Users/Jadde/Documents/Unreal Projects/PitchSample/Content/PitchSample/Mesh/TestMesh/SendToUe_corner1.uasset" 530
"../../../../../../Users/Jadde/Documents/Unreal Projects/PitchSample/Content/PitchSample/Mesh/TestMesh/SendToUe_corner2.uasset" 531
"../../../../../../Users/Jadde/Documents/Unreal Projects/PitchSample/Content/PitchSample/Mesh/TestMesh/SendToUe_corner3.uasset" 532
"../../../../../../Users/Jadde/Documents/Unreal Projects/PitchSample/Content/PitchSample/Mesh/TestMesh/SendToUe_corner4.uasset" 533
"../../../../../../Users/Jadde/Documents/Unreal Projects/PitchSample/Content/PitchSample/Mesh/TestMesh/SendToUe_corner6.uasset" 534
"../../../../../../Users/Jadde/Documents/Unreal Projects/PitchSample/Content/ThirdPersonBP/Geometry/Meshes/1M_Cube.uasset" 535
"../../../../../../Users/Jadde/Documents/Unreal Projects/PitchSample/Content/ThirdPersonBP/Geometry/Meshes/TemplateFloor.uasset" 536
"../../../../../../Users/Jadde/Documents/Unreal Projects/PitchSample/Content/ThirdPersonBP/ThirdPerson/Meshes/RampMaterial.uasset" 537
"../../../../../../Users/Jadde/Documents/Unreal Projects/PitchSample/Content/ThirdPersonBP/ThirdPerson/Meshes/Linear_Stair_StaticMesh.uasset" 538
"../../../../../../Users/Jadde/Documents/Unreal Projects/PitchSample/Content/PitchSample/Maps/PaperZD_Work.umap" 539
"../../../../../../Users/Jadde/Documents/Unreal Projects/PitchSample/Content/PitchSample/Blueprints/AnimationSystem/AnimationState.uasset" 540
"../../../../../../Users/Jadde/Documents/Unreal Projects/PitchSample/Content/PitchSample/Characters/Rosier/Animations/FlipBooks/Idle/Idle_Back.uasset" 541
"../../../../../../Users/Jadde/Documents/Unreal Projects/PitchSample/Content/PitchSample/Characters/Rosier/Animations/FlipBooks/Idle/Idle_Left.uasset" 542
"../../../../../../Users/Jadde/Documents/Unreal Projects/PitchSample/Content/PitchSample/Characters/Rosier/Animations/FlipBooks/Idle/Idle_Right.uasset" 543
"../../../../../../Users/Jadde/Documents/Unreal Projects/PitchSample/Content/PitchSample/UI/Test/UI_DialogueOption.uasset" 544
"../../../../../../Users/Jadde/Documents/Unreal Projects/PitchSample/Content/PitchSample/UI/UI_Dialogue.uasset" 545
"../../../../../../Users/Jadde/Documents/Unreal Projects/PitchSample/Content/PitchSample/Blueprints/Paper_Character.uasset" 546
"../../../../../../Users/Jadde/Documents/Unreal Projects/PitchSample/Content/PitchSample/Blueprints/NPC.uasset" 547
"../../../../../../Users/Jadde/Documents/Unreal Projects/PitchSample/Content/PitchSample/Dialogues/DoorInteraction.uasset" 548
"../../../../../../Users/Jadde/Documents/Unreal Projects/PitchSample/Content/PitchSample/Mats/Mat_Basic.uasset" 549
"../../../../../../Users/Jadde/Documents/Unreal Projects/PitchSample/Content/PitchSample/Mats/Mat_Basic_Inst.uasset" 550
"../../../../../../Users/Jadde/Documents/Unreal Projects/PitchSample/Content/Meshes/StaticMesh.uasset" 551
"../../../../../../Users/Jadde/Documents/Unreal Projects/PitchSample/Content/PitchSample/Blueprints/BarredDoor.uasset" 552
"../../../../../../Users/Jadde/Documents/Unreal Projects/PitchSample/Content/PitchSample/Blueprints/LockpickingSystem/old/BP_Lockpick.uasset" 553
"../../../../../../Users/Jadde/Documents/Unreal Projects/PitchSample/Content/PitchSample/Dialogues/BartenderDialogue.uasset" 554
"../../../../../../Users/Jadde/Documents/Unreal Projects/PitchSample/Content/PitchSample/Characters/Bartender/NPC_Bartender.uasset" 555
"../../../../../../Users/Jadde/Documents/Unreal Projects/PitchSample/Content/PitchSample/Maps/SamplePitch_BuiltData.uasset" 556
"../../../../../../Users/Jadde/Documents/Unreal Projects/PitchSample/Content/PitchSample/Mats/Mat_Light.uasset" 557
"../../../../../../Users/Jadde/Documents/Unreal Projects/PitchSample/Content/PitchSample/Mats/Mat_Basic_Inst1.uasset" 558
"../../../../../../Users/Jadde/Documents/Unreal Projects/PitchSample/Content/PitchSample/Mats/Mat_Light_Inst.uasset" 559
"../../../../../../Users/Jadde/Documents/Unreal Projects/PitchSample/Content/PitchSample/Mats/Mat_Light_Inst1.uasset" 560
"../../../../../../Users/Jadde/Documents/Unreal Projects/PitchSample/Content/PitchSample/Mats/Mat_Light_Inst2.uasset" 561
"../../../../../../Users/Jadde/Documents/Unreal Projects/PitchSample/Content/PitchSample/Mesh/SamplePitch/Bar_Building03.uasset" 562
"../../../../../../Users/Jadde/Documents/Unreal Projects/PitchSample/Content/PitchSample/Mesh/SamplePitch/Bar_Building03_Sign.uasset" 563
"../../../../../../Users/Jadde/Documents/Unreal Projects/PitchSample/Content/PitchSample/Mesh/SamplePitch/Bar_Building03_Stairs.uasset" 564
"../../../../../../Users/Jadde/Documents/Unreal Projects/PitchSample/Content/PitchSample/Mesh/SamplePitch/Buidling05_Stairs.uasset" 565
"../../../../../../Users/Jadde/Documents/Unreal Projects/PitchSample/Content/PitchSample/Mesh/SamplePitch/Building01.uasset" 566
"../../../../../../Users/Jadde/Documents/Unreal Projects/PitchSample/Content/PitchSample/Mesh/SamplePitch/Building01_Sign.uasset" 567
"../../../../../../Users/Jadde/Documents/Unreal Projects/PitchSample/Content/PitchSample/Mesh/SamplePitch/Building02.uasset" 568
"../../../../../../Users/Jadde/Documents/Unreal Projects/PitchSample/Content/PitchSample/Mesh/SamplePitch/Building04.uasset" 569
"../../../../../../Users/Jadde/Documents/Unreal Projects/PitchSample/Content/PitchSample/Mesh/SamplePitch/Building04_Sign.uasset" 570
"../../../../../../Users/Jadde/Documents/Unreal Projects/PitchSample/Content/PitchSample/Mesh/SamplePitch/Building04_Stairs.uasset" 571
"../../../../../../Users/Jadde/Documents/Unreal Projects/PitchSample/Content/PitchSample/Mesh/SamplePitch/Building05.uasset" 572
"../../../../../../Users/Jadde/Documents/Unreal Projects/PitchSample/Content/PitchSample/Mesh/SamplePitch/car.uasset" 573
"../../../../../../Users/Jadde/Documents/Unreal Projects/PitchSample/Content/PitchSample/Mesh/SamplePitch/Clothsack.uasset" 574
"../../../../../../Users/Jadde/Documents/Unreal Projects/PitchSample/Content/PitchSample/Mesh/SamplePitch/Clothsack02.uasset" 575
"../../../../../../Users/Jadde/Documents/Unreal Projects/PitchSample/Content/PitchSample/Mesh/SamplePitch/Lightpost.uasset" 576
"../../../../../../Users/Jadde/Documents/Unreal Projects/PitchSample/Content/PitchSample/Mesh/SamplePitch/SideBuilding.uasset" 577
"../../../../../../Users/Jadde/Documents/Unreal Projects/PitchSample/Content/PitchSample/Mesh/SamplePitch/SideBuilding_Stairs.uasset" 578
"../../../../../../Users/Jadde/Documents/Unreal Projects/PitchSample/Content/PitchSample/Mesh/SamplePitch/trashbag.uasset" 579
"../../../../../../Users/Jadde/Documents/Unreal Projects/PitchSample/Content/PitchSample/Mesh/SamplePitch/trashcan01.uasset" 580
"../../../../../../Users/Jadde/Documents/Unreal Projects/PitchSample/Content/PitchSample/Mesh/SamplePitch/trashcan02.uasset" 581
"../../../../../../Users/Jadde/Documents/Unreal Projects/PitchSample/Content/PitchSample/Mesh/SamplePitch/woodenbox.uasset" 582
"../../../../../../Users/Jadde/Documents/Unreal Projects/PitchSample/Content/PitchSample/Maps/SamplePitch.umap" 583
"../../../../../../Users/Jadde/Documents/Unreal Projects/PitchSample/Content/PitchSample/Maps/Tech_work.umap" 584
"../../../../../../Users/Jadde/Documents/Unreal Projects/PitchSample/Content/ThirdPersonBP/Maps/ThirdPersonExampleMap_BuiltData.uasset" 585
"../../../../../../Users/Jadde/Documents/Unreal Projects/PitchSample/Content/ThirdPersonBP/Geometry/Meshes/1M_Cube_Chamfer.uasset" 586
"../../../../../../Users/Jadde/Documents/Unreal Projects/PitchSample/Content/ThirdPersonBP/ThirdPerson/Meshes/Bump_StaticMesh.uasset" 587
"../../../../../../Users/Jadde/Documents/Unreal Projects/PitchSample/Content/ThirdPersonBP/ThirdPerson/Meshes/LeftArm_StaticMesh.uasset" 588
"../../../../../../Users/Jadde/Documents/Unreal Projects/PitchSample/Content/ThirdPersonBP/ThirdPerson/Meshes/Ramp_StaticMesh.uasset" 589
"../../../../../../Users/Jadde/Documents/Unreal Projects/PitchSample/Content/ThirdPersonBP/ThirdPerson/Meshes/RightArm_StaticMesh.uasset" 590
"../../../../../../Users/Jadde/Documents/Unreal Projects/PitchSample/Content/ThirdPersonBP/Maps/ThirdPersonExampleMap.umap" 591
"../../../Engine/Content/Maps/Entry_BuiltData.uasset" 592
"../../../Engine/Content/Maps/Entry.umap" 593
